Copyright 1986-2023 Xilinx, Inc. All Rights Reserved.
----------------------------------------------------------------------------------------------------------------------------------------------------
| Tool Version     : Vivado v.2022.2.2 (lin64) Build 3788238 Tue Feb 21 19:59:23 MST 2023
| Date             : Tue Mar 24 10:36:37 2026
| Host             : pah-PC running 64-bit Ubuntu 24.04.4 LTS
| Command          : report_power -file pe_wrapper_power_routed.rpt -pb pe_wrapper_power_summary_routed.pb -rpx pe_wrapper_power_routed.rpx
| Design           : pe_wrapper
| Device           : xczu7ev-ffvc1156-2-e
| Design State     : routed
| Grade            : extended
| Process          : typical
| Characterization : Production
----------------------------------------------------------------------------------------------------------------------------------------------------

Power Report

Table of Contents
-----------------
1. Summary
1.1 On-Chip Components
1.2 Power Supply Summary
1.3 Confidence Level
2. Settings
2.1 Environment
2.2 Clock Constraints
3. Detailed Reports
3.1 By Hierarchy

1. Summary
----------

+--------------------------+--------------+
| Total On-Chip Power (W)  | 34.475       |
| Design Power Budget (W)  | Unspecified* |
| Power Budget Margin (W)  | NA           |
| Dynamic (W)              | 33.533       |
| Device Static (W)        | 0.942        |
| Effective TJA (C/W)      | 1.0          |
| Max Ambient (C)          | 66.2         |
| Junction Temperature (C) | 58.8         |
| Confidence Level         | Low          |
| Setting File             | ---          |
| Simulation Activity File | ---          |
| Design Nets Matched      | NA           |
+--------------------------+--------------+
* Specify Design Power Budget using, set_operating_conditions -design_power_budget <value in Watts>


1.1 On-Chip Components
----------------------

+----------------+-----------+----------+-----------+-----------------+
| On-Chip        | Power (W) | Used     | Available | Utilization (%) |
+----------------+-----------+----------+-----------+-----------------+
| CLB Logic      |     0.607 |      345 |       --- |             --- |
|   LUT as Logic |     0.503 |       83 |    230400 |            0.04 |
|   Register     |     0.089 |      166 |    460800 |            0.04 |
|   CARRY8       |     0.013 |        5 |     28800 |            0.02 |
|   BUFG         |    <0.001 |        1 |        64 |            1.56 |
|   Others       |     0.000 |       12 |       --- |             --- |
| Signals        |     1.701 |      629 |       --- |             --- |
| Block RAM      |     0.451 |       32 |       312 |           10.26 |
| DSPs           |     0.018 |        1 |      1728 |            0.06 |
| I/O            |    30.756 |      109 |       360 |           30.28 |
| Static Power   |     0.942 |          |           |                 |
| Total          |    34.475 |          |           |                 |
+----------------+-----------+----------+-----------+-----------------+


1.2 Power Supply Summary
------------------------

+-----------------+-------------+-----------+-------------+------------+-------------+-------------+------------+
| Source          | Voltage (V) | Total (A) | Dynamic (A) | Static (A) | Powerup (A) | Budget (A)  | Margin (A) |
+-----------------+-------------+-----------+-------------+------------+-------------+-------------+------------+
| Vccint          |       0.850 |     3.777 |       3.288 |      0.488 |       NA    | Unspecified | NA         |
| Vccint_io       |       0.850 |     1.440 |       1.353 |      0.087 |       NA    | Unspecified | NA         |
| Vccbram         |       0.850 |     0.033 |       0.027 |      0.006 |       NA    | Unspecified | NA         |
| Vccaux          |       1.800 |     0.142 |       0.000 |      0.142 |       NA    | Unspecified | NA         |
| Vccaux_io       |       1.800 |     3.667 |       3.612 |      0.055 |       NA    | Unspecified | NA         |
| Vcco33          |       3.300 |     0.000 |       0.000 |      0.000 |       NA    | Unspecified | NA         |
| Vcco25          |       2.500 |     0.000 |       0.000 |      0.000 |       NA    | Unspecified | NA         |
| Vcco18          |       1.800 |    12.813 |      12.813 |      0.000 |       NA    | Unspecified | NA         |
| Vcco15          |       1.500 |     0.000 |       0.000 |      0.000 |       NA    | Unspecified | NA         |
| Vcco135         |       1.350 |     0.000 |       0.000 |      0.000 |       NA    | Unspecified | NA         |
| Vcco12          |       1.200 |     0.000 |       0.000 |      0.000 |       NA    | Unspecified | NA         |
| Vcco10          |       1.000 |     0.000 |       0.000 |      0.000 |       NA    | Unspecified | NA         |
| Vccadc          |       1.800 |     0.008 |       0.000 |      0.008 |       NA    | Unspecified | NA         |
| VCC_PSINTFP     |       0.850 |     0.000 |       0.000 |      0.000 |       NA    | Unspecified | NA         |
| VCC_PSINTLP     |       0.850 |     0.013 |       0.000 |      0.013 |       NA    | Unspecified | NA         |
| VPS_MGTRAVCC    |       0.850 |     0.000 |       0.000 |      0.000 |       NA    | Unspecified | NA         |
| VCC_PSINTFP_DDR |       0.850 |     0.000 |       0.000 |      0.000 |       NA    | Unspecified | NA         |
| VCC_PSPLL       |       1.200 |     0.002 |       0.000 |      0.002 |       NA    | Unspecified | NA         |
| VPS_MGTRAVTT    |       1.800 |     0.000 |       0.000 |      0.000 |       NA    | Unspecified | NA         |
| VCCO_PSDDR_504  |       1.200 |     0.000 |       0.000 |      0.000 |       NA    | Unspecified | NA         |
| VCC_PSAUX       |       1.800 |     0.002 |       0.000 |      0.002 |       NA    | Unspecified | NA         |
| VCC_PSBATT      |       1.200 |     0.000 |       0.000 |      0.000 |       NA    | Unspecified | NA         |
| VCC_PSDDR_PLL   |       1.800 |     0.000 |       0.000 |      0.000 |       NA    | Unspecified | NA         |
| VCCO_PSIO0_500  |       3.300 |     0.000 |       0.000 |      0.000 |       NA    | Unspecified | NA         |
| VCCO_PSIO1_501  |       3.300 |     0.000 |       0.000 |      0.000 |       NA    | Unspecified | NA         |
| VCCO_PSIO2_502  |       3.300 |     0.000 |       0.000 |      0.000 |       NA    | Unspecified | NA         |
| VCCO_PSIO3_503  |       3.300 |     0.000 |       0.000 |      0.000 |       NA    | Unspecified | NA         |
| VCC_PSADC       |       1.800 |     0.002 |       0.000 |      0.002 |       NA    | Unspecified | NA         |
| VCCINT_VCU      |       0.900 |     0.066 |       0.000 |      0.066 |       NA    | Unspecified | NA         |
| MGTAVcc         |       0.900 |     0.000 |       0.000 |      0.000 |       NA    | Unspecified | NA         |
| MGTAVtt         |       1.200 |     0.000 |       0.000 |      0.000 |       NA    | Unspecified | NA         |
| MGTVccaux       |       1.800 |     0.000 |       0.000 |      0.000 |       NA    | Unspecified | NA         |
+-----------------+-------------+-----------+-------------+------------+-------------+-------------+------------+


1.3 Confidence Level
--------------------

+-----------------------------+------------+--------------------------------------------------------+--------------------------------------------------------------------------------------------------------------------+
| User Input Data             | Confidence | Details                                                | Action                                                                                                             |
+-----------------------------+------------+--------------------------------------------------------+--------------------------------------------------------------------------------------------------------------------+
| Design implementation state | High       | Design is routed                                       |                                                                                                                    |
| Clock nodes activity        | Low        | User specified less than 75% of clocks                 | Provide missing clock activity with a constraint file, simulation results or by editing the "By Clock Domain" view |
| I/O nodes activity          | Low        | More than 75% of inputs are missing user specification | Provide missing input activity with simulation results or by editing the "By Resource Type -> I/Os" view           |
| Internal nodes activity     | Medium     | User specified less than 25% of internal nodes         | Provide missing internal nodes activity with simulation results or by editing the "By Resource Type" views         |
| Device models               | High       | Device models are Production                           |                                                                                                                    |
|                             |            |                                                        |                                                                                                                    |
| Overall confidence level    | Low        |                                                        |                                                                                                                    |
+-----------------------------+------------+--------------------------------------------------------+--------------------------------------------------------------------------------------------------------------------+


2. Settings
-----------

2.1 Environment
---------------

+-----------------------+--------------------------+
| Ambient Temp (C)      | 25.0                     |
| ThetaJA (C/W)         | 1.0                      |
| Airflow (LFM)         | 250                      |
| Heat Sink             | medium (Medium Profile)  |
| ThetaSA (C/W)         | 1.5                      |
| Board Selection       | medium (10"x10")         |
| # of Board Layers     | 12to15 (12 to 15 Layers) |
| Board Temperature (C) | 25.0                     |
+-----------------------+--------------------------+


2.2 Clock Constraints
---------------------

+-------+--------+-----------------+
| Clock | Domain | Constraint (ns) |
+-------+--------+-----------------+


3. Detailed Reports
-------------------

3.1 By Hierarchy
----------------

+------------------------------+-----------+
| Name                         | Power (W) |
+------------------------------+-----------+
| pe_wrapper                   |    33.533 |
|   acc_clear_IBUF_inst        |     0.005 |
|   activation_i_IBUF[0]_inst  |     0.008 |
|   activation_i_IBUF[10]_inst |     0.006 |
|   activation_i_IBUF[11]_inst |     0.006 |
|   activation_i_IBUF[12]_inst |     0.006 |
|   activation_i_IBUF[13]_inst |     0.005 |
|   activation_i_IBUF[14]_inst |     0.005 |
|   activation_i_IBUF[15]_inst |     0.005 |
|   activation_i_IBUF[16]_inst |     0.005 |
|   activation_i_IBUF[1]_inst  |     0.008 |
|   activation_i_IBUF[2]_inst  |     0.008 |
|   activation_i_IBUF[3]_inst  |     0.008 |
|   activation_i_IBUF[4]_inst  |     0.007 |
|   activation_i_IBUF[5]_inst  |     0.008 |
|   activation_i_IBUF[6]_inst  |     0.008 |
|   activation_i_IBUF[7]_inst  |     0.007 |
|   activation_i_IBUF[8]_inst  |     0.007 |
|   activation_i_IBUF[9]_inst  |     0.006 |
|   clk_IBUF_inst              |     0.004 |
|   pe_inst                    |     1.863 |
|     mac_inst                 |     1.099 |
|       acc                    |     0.525 |
|       mul                    |     0.542 |
|     ram_inst                 |     0.672 |
|   start_IBUF_inst            |     0.007 |
|   valid_i_IBUF_inst          |     0.006 |
|   weight_addr_IBUF[0]_inst   |     0.041 |
|   weight_addr_IBUF[10]_inst  |     0.043 |
|   weight_addr_IBUF[11]_inst  |     0.040 |
|   weight_addr_IBUF[12]_inst  |     0.024 |
|   weight_addr_IBUF[13]_inst  |     0.024 |
|   weight_addr_IBUF[14]_inst  |     0.023 |
|   weight_addr_IBUF[15]_inst  |     0.022 |
|   weight_addr_IBUF[1]_inst   |     0.041 |
|   weight_addr_IBUF[2]_inst   |     0.038 |
|   weight_addr_IBUF[3]_inst   |     0.036 |
|   weight_addr_IBUF[4]_inst   |     0.041 |
|   weight_addr_IBUF[5]_inst   |     0.044 |
|   weight_addr_IBUF[6]_inst   |     0.040 |
|   weight_addr_IBUF[7]_inst   |     0.041 |
|   weight_addr_IBUF[8]_inst   |     0.038 |
|   weight_addr_IBUF[9]_inst   |     0.045 |
|   weight_i_IBUF[0]_inst      |     0.026 |
|   weight_i_IBUF[10]_inst     |     0.023 |
|   weight_i_IBUF[11]_inst     |     0.029 |
|   weight_i_IBUF[12]_inst     |     0.027 |
|   weight_i_IBUF[13]_inst     |     0.024 |
|   weight_i_IBUF[14]_inst     |     0.024 |
|   weight_i_IBUF[15]_inst     |     0.025 |
|   weight_i_IBUF[16]_inst     |     0.024 |
|   weight_i_IBUF[1]_inst      |     0.026 |
|   weight_i_IBUF[2]_inst      |     0.028 |
|   weight_i_IBUF[3]_inst      |     0.029 |
|   weight_i_IBUF[4]_inst      |     0.025 |
|   weight_i_IBUF[5]_inst      |     0.028 |
|   weight_i_IBUF[6]_inst      |     0.029 |
|   weight_i_IBUF[7]_inst      |     0.027 |
|   weight_i_IBUF[8]_inst      |     0.034 |
|   weight_i_IBUF[9]_inst      |     0.024 |
|   weight_we_IBUF_inst        |     0.012 |
+------------------------------+-----------+


