INFO: [VRFC 10-2263] Analyzing SystemVerilog file "/home/pah/fpga_cnn_accelerator/FPGA-based-CNN-Accelerator-for-autonomous-vehicles/src/rtl/accelerator/activation_buffer.sv" into library work
INFO: [VRFC 10-311] analyzing module activation_buffer
INFO: [VRFC 10-2263] Analyzing SystemVerilog file "/home/pah/fpga_cnn_accelerator/FPGA-based-CNN-Accelerator-for-autonomous-vehicles/src/rtl/accelerator/cnn_accelerator_core.sv" into library work
INFO: [VRFC 10-311] analyzing module cnn_accelerator_core
INFO: [VRFC 10-2263] Analyzing SystemVerilog file "/home/pah/fpga_cnn_accelerator/FPGA-based-CNN-Accelerator-for-autonomous-vehicles/src/rtl/accelerator/computation_engine.sv" into library work
INFO: [VRFC 10-311] analyzing module computation_engine
INFO: [VRFC 10-2263] Analyzing SystemVerilog file "/home/pah/fpga_cnn_accelerator/FPGA-based-CNN-Accelerator-for-autonomous-vehicles/src/rtl/accelerator/controller.sv" into library work
INFO: [VRFC 10-311] analyzing module controller
INFO: [VRFC 10-2263] Analyzing SystemVerilog file "/home/pah/fpga_cnn_accelerator/FPGA-based-CNN-Accelerator-for-autonomous-vehicles/src/rtl/accelerator/local_activation.sv" into library work
INFO: [VRFC 10-311] analyzing module local_activation
INFO: [VRFC 10-2263] Analyzing SystemVerilog file "/home/pah/fpga_cnn_accelerator/FPGA-based-CNN-Accelerator-for-autonomous-vehicles/src/rtl/accelerator/local_output.sv" into library work
INFO: [VRFC 10-311] analyzing module local_output
INFO: [VRFC 10-2263] Analyzing SystemVerilog file "/home/pah/fpga_cnn_accelerator/FPGA-based-CNN-Accelerator-for-autonomous-vehicles/src/rtl/accelerator/local_weight.sv" into library work
INFO: [VRFC 10-311] analyzing module local_weight
INFO: [VRFC 10-2263] Analyzing SystemVerilog file "/home/pah/fpga_cnn_accelerator/FPGA-based-CNN-Accelerator-for-autonomous-vehicles/src/rtl/accelerator/multiplier.sv" into library work
INFO: [VRFC 10-311] analyzing module multiplier
INFO: [VRFC 10-2263] Analyzing SystemVerilog file "/home/pah/fpga_cnn_accelerator/FPGA-based-CNN-Accelerator-for-autonomous-vehicles/src/rtl/accelerator/output_buffer.sv" into library work
INFO: [VRFC 10-311] analyzing module output_buffer
INFO: [VRFC 10-2263] Analyzing SystemVerilog file "/home/pah/fpga_cnn_accelerator/FPGA-based-CNN-Accelerator-for-autonomous-vehicles/src/rtl/accelerator/pe.sv" into library work
INFO: [VRFC 10-311] analyzing module pe
INFO: [VRFC 10-2263] Analyzing SystemVerilog file "/home/pah/fpga_cnn_accelerator/FPGA-based-CNN-Accelerator-for-autonomous-vehicles/src/rtl/accelerator/systolic_array.sv" into library work
INFO: [VRFC 10-311] analyzing module systolic_array_4x4
INFO: [VRFC 10-2263] Analyzing SystemVerilog file "/home/pah/fpga_cnn_accelerator/FPGA-based-CNN-Accelerator-for-autonomous-vehicles/src/rtl/accelerator/weight_buffer.sv" into library work
INFO: [VRFC 10-311] analyzing module weight_buffer
INFO: [VRFC 10-2263] Analyzing SystemVerilog file "/home/pah/fpga_cnn_accelerator/FPGA-based-CNN-Accelerator-for-autonomous-vehicles/src/rtl/accelerator/archive/accumulator.sv" into library work
INFO: [VRFC 10-311] analyzing module accumulator
INFO: [VRFC 10-2263] Analyzing SystemVerilog file "/home/pah/fpga_cnn_accelerator/FPGA-based-CNN-Accelerator-for-autonomous-vehicles/src/rtl/accelerator/archive/adder.sv" into library work
INFO: [VRFC 10-311] analyzing module adder
INFO: [VRFC 10-2263] Analyzing SystemVerilog file "/home/pah/fpga_cnn_accelerator/FPGA-based-CNN-Accelerator-for-autonomous-vehicles/src/rtl/accelerator/archive/axis.sv" into library work
INFO: [VRFC 10-311] analyzing module axis
INFO: [VRFC 10-2263] Analyzing SystemVerilog file "/home/pah/fpga_cnn_accelerator/FPGA-based-CNN-Accelerator-for-autonomous-vehicles/src/rtl/accelerator/archive/mac_unit.sv" into library work
INFO: [VRFC 10-311] analyzing module mac_unit
INFO: [VRFC 10-2263] Analyzing SystemVerilog file "/home/pah/fpga_cnn_accelerator/FPGA-based-CNN-Accelerator-for-autonomous-vehicles/src/rtl/accelerator/archive/ram.sv" into library work
INFO: [VRFC 10-311] analyzing module ram
INFO: [VRFC 10-2263] Analyzing SystemVerilog file "/home/pah/fpga_cnn_accelerator/FPGA-based-CNN-Accelerator-for-autonomous-vehicles/src/rtl/accelerator/archive/reg_file.sv" into library work
INFO: [VRFC 10-311] analyzing module reg_file
INFO: [VRFC 10-2263] Analyzing SystemVerilog file "/home/pah/fpga_cnn_accelerator/FPGA-based-CNN-Accelerator-for-autonomous-vehicles/src/sim/tb_systolic_array_4x4.sv" into library work
INFO: [VRFC 10-311] analyzing module tb_systolic_array_4x4
