
*** Running vivado
    with args -log pe_wrapper.vds -m64 -product Vivado -mode batch -messageDb vivado.pb -notrace -source pe_wrapper.tcl


****** Vivado v2022.2.2 (64-bit)
  **** SW Build 3788238 on Tue Feb 21 19:59:23 MST 2023
  **** IP Build 3783773 on Tue Feb 21 23:41:56 MST 2023
    ** Copyright 1986-2023 Xilinx, Inc. All Rights Reserved.

source pe_wrapper.tcl -notrace
Command: synth_design -top pe_wrapper -part xczu7ev-ffvc1156-2-e
Starting synth_design
Attempting to get a license for feature 'Synthesis' and/or device 'xczu7ev'
INFO: [Common 17-349] Got license for feature 'Synthesis' and/or device 'xczu7ev'
INFO: [Synth 8-7079] Multithreading enabled for synth_design using a maximum of 4 processes.
INFO: [Synth 8-7078] Launching helper process for spawning children vivado processes
INFO: [Synth 8-7075] Helper process launched with PID 366733
INFO: [Synth 8-11241] undeclared symbol 'REGCCE', assumed default net type 'wire' [/home/pah/tools/Xilinx/Vivado/2022.2/data/verilog/src/unimacro/BRAM_SINGLE_MACRO.v:2170]
---------------------------------------------------------------------------------
Starting Synthesize : Time (s): cpu = 00:00:02 ; elapsed = 00:00:02 . Memory (MB): peak = 1756.645 ; gain = 339.801 ; free physical = 13668 ; free virtual = 44542
Synthesis current peak Physical Memory [PSS] (MB): peak = 1171.468; parent = 966.405; children = 205.062
Synthesis current peak Virtual Memory [VSS] (MB): peak = 2748.684; parent = 1756.648; children = 992.035
---------------------------------------------------------------------------------
INFO: [Synth 8-6157] synthesizing module 'pe_wrapper' [/home/pah/fpga_cnn_accelerator/FPGA-based-CNN-Accelerator-for-autonomous-vehicles/synth/single_pe/single_pe.srcs/sources_1/new/pe_wrapper.v:22]
INFO: [Synth 8-6157] synthesizing module 'pe' [/home/pah/fpga_cnn_accelerator/FPGA-based-CNN-Accelerator-for-autonomous-vehicles/synth/single_pe/single_pe.srcs/sources_1/imports/processing_element/pe.sv:17]
	Parameter DATA_WIDTH bound to: 17 - type: integer 
	Parameter ADDR_WIDTH bound to: 16 - type: integer 
	Parameter MAC_PIPELINE_DEPTH bound to: 4 - type: integer 
INFO: [Synth 8-6157] synthesizing module 'ram' [/home/pah/fpga_cnn_accelerator/FPGA-based-CNN-Accelerator-for-autonomous-vehicles/synth/single_pe/single_pe.srcs/sources_1/imports/processing_element/ram.sv:4]
	Parameter ADDR_WIDTH bound to: 16 - type: integer 
	Parameter DATA_WIDTH bound to: 17 - type: integer 
	Parameter DEPTH bound to: 65536 - type: integer 
INFO: [Synth 8-6155] done synthesizing module 'ram' (0#1) [/home/pah/fpga_cnn_accelerator/FPGA-based-CNN-Accelerator-for-autonomous-vehicles/synth/single_pe/single_pe.srcs/sources_1/imports/processing_element/ram.sv:4]
INFO: [Synth 8-6157] synthesizing module 'mac_unit' [/home/pah/fpga_cnn_accelerator/FPGA-based-CNN-Accelerator-for-autonomous-vehicles/synth/single_pe/single_pe.srcs/sources_1/imports/processing_element/mac_unit.sv:23]
	Parameter DATA_WIDTH bound to: 17 - type: integer 
INFO: [Synth 8-6157] synthesizing module 'multiplier' [/home/pah/fpga_cnn_accelerator/FPGA-based-CNN-Accelerator-for-autonomous-vehicles/synth/single_pe/single_pe.srcs/sources_1/imports/processing_element/multiplier.sv:21]
	Parameter DATA_WIDTH bound to: 17 - type: integer 
INFO: [Synth 8-6155] done synthesizing module 'multiplier' (0#1) [/home/pah/fpga_cnn_accelerator/FPGA-based-CNN-Accelerator-for-autonomous-vehicles/synth/single_pe/single_pe.srcs/sources_1/imports/processing_element/multiplier.sv:21]
INFO: [Synth 8-6157] synthesizing module 'accumulator' [/home/pah/fpga_cnn_accelerator/FPGA-based-CNN-Accelerator-for-autonomous-vehicles/synth/single_pe/single_pe.srcs/sources_1/imports/processing_element/accumulator.sv:22]
	Parameter DATA_WIDTH bound to: 17 - type: integer 
INFO: [Synth 8-6157] synthesizing module 'adder' [/home/pah/fpga_cnn_accelerator/FPGA-based-CNN-Accelerator-for-autonomous-vehicles/synth/single_pe/single_pe.srcs/sources_1/imports/processing_element/adder.sv:21]
	Parameter DATA_WIDTH bound to: 17 - type: integer 
INFO: [Synth 8-6155] done synthesizing module 'adder' (0#1) [/home/pah/fpga_cnn_accelerator/FPGA-based-CNN-Accelerator-for-autonomous-vehicles/synth/single_pe/single_pe.srcs/sources_1/imports/processing_element/adder.sv:21]
INFO: [Synth 8-6155] done synthesizing module 'accumulator' (0#1) [/home/pah/fpga_cnn_accelerator/FPGA-based-CNN-Accelerator-for-autonomous-vehicles/synth/single_pe/single_pe.srcs/sources_1/imports/processing_element/accumulator.sv:22]
INFO: [Synth 8-6155] done synthesizing module 'mac_unit' (0#1) [/home/pah/fpga_cnn_accelerator/FPGA-based-CNN-Accelerator-for-autonomous-vehicles/synth/single_pe/single_pe.srcs/sources_1/imports/processing_element/mac_unit.sv:23]
INFO: [Synth 8-6155] done synthesizing module 'pe' (0#1) [/home/pah/fpga_cnn_accelerator/FPGA-based-CNN-Accelerator-for-autonomous-vehicles/synth/single_pe/single_pe.srcs/sources_1/imports/processing_element/pe.sv:17]
INFO: [Synth 8-6155] done synthesizing module 'pe_wrapper' (0#1) [/home/pah/fpga_cnn_accelerator/FPGA-based-CNN-Accelerator-for-autonomous-vehicles/synth/single_pe/single_pe.srcs/sources_1/new/pe_wrapper.v:22]
---------------------------------------------------------------------------------
Finished Synthesize : Time (s): cpu = 00:00:04 ; elapsed = 00:00:05 . Memory (MB): peak = 1893.426 ; gain = 476.582 ; free physical = 13681 ; free virtual = 44562
Synthesis current peak Physical Memory [PSS] (MB): peak = 1171.468; parent = 966.405; children = 205.062
Synthesis current peak Virtual Memory [VSS] (MB): peak = 2885.465; parent = 1893.430; children = 992.035
---------------------------------------------------------------------------------
---------------------------------------------------------------------------------
Finished Constraint Validation : Time (s): cpu = 00:00:04 ; elapsed = 00:00:05 . Memory (MB): peak = 1893.426 ; gain = 476.582 ; free physical = 13680 ; free virtual = 44564
Synthesis current peak Physical Memory [PSS] (MB): peak = 1171.468; parent = 966.405; children = 205.062
Synthesis current peak Virtual Memory [VSS] (MB): peak = 2885.465; parent = 1893.430; children = 992.035
---------------------------------------------------------------------------------
---------------------------------------------------------------------------------
Start Loading Part and Timing Information
---------------------------------------------------------------------------------
Loading part: xczu7ev-ffvc1156-2-e
INFO: [Synth 8-6742] Reading net delay rules and data
INFO: [Device 21-403] Loading part xczu7ev-ffvc1156-2-e
---------------------------------------------------------------------------------
Finished Loading Part and Timing Information : Time (s): cpu = 00:00:04 ; elapsed = 00:00:05 . Memory (MB): peak = 1901.430 ; gain = 484.586 ; free physical = 13680 ; free virtual = 44564
Synthesis current peak Physical Memory [PSS] (MB): peak = 1171.468; parent = 966.405; children = 205.062
Synthesis current peak Virtual Memory [VSS] (MB): peak = 2893.469; parent = 1901.434; children = 992.035
---------------------------------------------------------------------------------
INFO: [Synth 8-6793] RAM ("ram:/mem_reg") is implemented using BRAM instead of URAM due to insufficient pipeline registers. Available pipeline stages = 0, Minimum required pipeline stages = 3 
INFO: [Synth 8-5555] Implemented Block Ram Cascade chain of height 8 and width 9 for RAM "ram:/mem_reg"
INFO: [Synth 8-5555] Implemented Block Ram Cascade chain of height 8 and width 9 for RAM "ram:/mem_reg"
INFO: [Synth 8-5555] Implemented Block Ram Cascade chain of height 8 and width 8 for RAM "ram:/mem_reg"
INFO: [Synth 8-5555] Implemented Block Ram Cascade chain of height 8 and width 8 for RAM "ram:/mem_reg"
---------------------------------------------------------------------------------
Finished RTL Optimization Phase 2 : Time (s): cpu = 00:00:05 ; elapsed = 00:00:05 . Memory (MB): peak = 1901.430 ; gain = 484.586 ; free physical = 13679 ; free virtual = 44564
Synthesis current peak Physical Memory [PSS] (MB): peak = 1171.468; parent = 966.405; children = 205.062
Synthesis current peak Virtual Memory [VSS] (MB): peak = 2893.469; parent = 1901.434; children = 992.035
---------------------------------------------------------------------------------
No constraint files found.
---------------------------------------------------------------------------------
Start RTL Component Statistics 
---------------------------------------------------------------------------------
Detailed RTL Component Info : 
+---Adders : 
	   2 Input   35 Bit       Adders := 1     
+---Registers : 
	               35 Bit    Registers := 1     
	               34 Bit    Registers := 2     
	               17 Bit    Registers := 7     
	                3 Bit    Registers := 3     
	                1 Bit    Registers := 1     
+---RAMs : 
	            1088K Bit	(65536 X 17 bit)          RAMs := 1     
+---Muxes : 
	   2 Input   35 Bit        Muxes := 2     
	   2 Input    1 Bit        Muxes := 1     
---------------------------------------------------------------------------------
Finished RTL Component Statistics 
---------------------------------------------------------------------------------
---------------------------------------------------------------------------------
Start Part Resource Summary
---------------------------------------------------------------------------------
Part Resources:
DSPs: 1728 (col length:144)
BRAMs: 624 (col length: RAMB18 144 RAMB36 72)
---------------------------------------------------------------------------------
Finished Part Resource Summary
---------------------------------------------------------------------------------
No constraint files found.
---------------------------------------------------------------------------------
Start Cross Boundary and Area Optimization
---------------------------------------------------------------------------------
WARNING: [Synth 8-7080] Parallel synthesis criteria is not met
DSP Report: Generating DSP pe_inst/mac_inst/mul/mult_reg0, operation Mode is: A*B.
DSP Report: operator pe_inst/mac_inst/mul/mult_reg0 is absorbed into DSP pe_inst/mac_inst/mul/mult_reg0.
INFO: [Synth 8-7124] RAM ("pe_wrapper/pe_inst/ram_inst/mem_reg") is implemented using BRAM instead of URAM. Memory would be severely underutilized if URAMs are used
INFO: [Synth 8-5555] Implemented Block Ram Cascade chain of height 8 and width 9 for RAM "pe_wrapper/pe_inst/ram_inst/mem_reg"
INFO: [Synth 8-5555] Implemented Block Ram Cascade chain of height 8 and width 9 for RAM "pe_wrapper/pe_inst/ram_inst/mem_reg"
INFO: [Synth 8-5555] Implemented Block Ram Cascade chain of height 8 and width 8 for RAM "pe_wrapper/pe_inst/ram_inst/mem_reg"
INFO: [Synth 8-5555] Implemented Block Ram Cascade chain of height 8 and width 8 for RAM "pe_wrapper/pe_inst/ram_inst/mem_reg"
---------------------------------------------------------------------------------
Finished Cross Boundary and Area Optimization : Time (s): cpu = 00:00:08 ; elapsed = 00:00:10 . Memory (MB): peak = 2735.445 ; gain = 1318.602 ; free physical = 12719 ; free virtual = 43606
Synthesis current peak Physical Memory [PSS] (MB): peak = 2022.979; parent = 1817.948; children = 205.062
Synthesis current peak Virtual Memory [VSS] (MB): peak = 3727.484; parent = 2735.449; children = 992.035
---------------------------------------------------------------------------------
---------------------------------------------------------------------------------
Start ROM, RAM, DSP, Shift Register and Retiming Reporting
---------------------------------------------------------------------------------

Block RAM: Preliminary Mapping Report (see note below)
+------------+--------------------------+------------------------+---+---+------------------------+---+---+------------------+--------+--------+-----------------+
|Module Name | RTL Object               | PORT A (Depth x Width) | W | R | PORT B (Depth x Width) | W | R | Ports driving FF | RAMB18 | RAMB36 | Cascade Heights | 
+------------+--------------------------+------------------------+---+---+------------------------+---+---+------------------+--------+--------+-----------------+
|pe_wrapper  | pe_inst/ram_inst/mem_reg | 64 K x 17(READ_FIRST)  | W | R |                        |   |   | Port A           | 0      | 32     | 8,8,8,8         | 
+------------+--------------------------+------------------------+---+---+------------------------+---+---+------------------+--------+--------+-----------------+

Note: The table above is a preliminary report that shows the Block RAMs at the current stage of the synthesis flow. Some Block RAMs may be reimplemented as non Block RAM primitives later in the synthesis flow. Multiple instantiated Block RAMs are reported only once. 

DSP: Preliminary Mapping Report (see note below. The ' indicates corresponding REG is set)
+------------+-------------+--------+--------+--------+--------+--------+------+------+------+------+-------+------+------+
|Module Name | DSP Mapping | A Size | B Size | C Size | D Size | P Size | AREG | BREG | CREG | DREG | ADREG | MREG | PREG | 
+------------+-------------+--------+--------+--------+--------+--------+------+------+------+------+-------+------+------+
|multiplier  | A*B         | 17     | 17     | -      | -      | 34     | 0    | 0    | -    | -    | -     | 0    | 0    | 
+------------+-------------+--------+--------+--------+--------+--------+------+------+------+------+-------+------+------+

Note: The table above is a preliminary report that shows the DSPs inferred at the current stage of the synthesis flow. Some DSP may be reimplemented as non DSP primitives later in the synthesis flow. Multiple instantiated DSPs are reported only once.
---------------------------------------------------------------------------------
Finished ROM, RAM, DSP, Shift Register and Retiming Reporting
---------------------------------------------------------------------------------
No constraint files found.
---------------------------------------------------------------------------------
Start Timing Optimization
---------------------------------------------------------------------------------
---------------------------------------------------------------------------------
Finished Timing Optimization : Time (s): cpu = 00:00:08 ; elapsed = 00:00:10 . Memory (MB): peak = 2735.445 ; gain = 1318.602 ; free physical = 12719 ; free virtual = 43607
Synthesis current peak Physical Memory [PSS] (MB): peak = 2026.851; parent = 1821.819; children = 205.062
Synthesis current peak Virtual Memory [VSS] (MB): peak = 3727.484; parent = 2735.449; children = 992.035
---------------------------------------------------------------------------------
---------------------------------------------------------------------------------
Start ROM, RAM, DSP, Shift Register and Retiming Reporting
---------------------------------------------------------------------------------

Block RAM: Final Mapping Report
+------------+--------------------------+------------------------+---+---+------------------------+---+---+------------------+--------+--------+-----------------+
|Module Name | RTL Object               | PORT A (Depth x Width) | W | R | PORT B (Depth x Width) | W | R | Ports driving FF | RAMB18 | RAMB36 | Cascade Heights | 
+------------+--------------------------+------------------------+---+---+------------------------+---+---+------------------+--------+--------+-----------------+
|pe_wrapper  | pe_inst/ram_inst/mem_reg | 64 K x 17(READ_FIRST)  | W | R |                        |   |   | Port A           | 0      | 32     | 8,8,8,8         | 
+------------+--------------------------+------------------------+---+---+------------------------+---+---+------------------+--------+--------+-----------------+

---------------------------------------------------------------------------------
Finished ROM, RAM, DSP, Shift Register and Retiming Reporting
---------------------------------------------------------------------------------
---------------------------------------------------------------------------------
Start Technology Mapping
---------------------------------------------------------------------------------
INFO: [Synth 8-7052] The timing for the instance pe_inst/ram_inst/mem_reg_bram_7 (implemented as a Block RAM) might be sub-optimal as no optional output register could be merged into the ram block. Providing additional output register may help in improving timing.
INFO: [Synth 8-7052] The timing for the instance pe_inst/ram_inst/mem_reg_bram_15 (implemented as a Block RAM) might be sub-optimal as no optional output register could be merged into the ram block. Providing additional output register may help in improving timing.
INFO: [Synth 8-7052] The timing for the instance pe_inst/ram_inst/mem_reg_bram_23 (implemented as a Block RAM) might be sub-optimal as no optional output register could be merged into the ram block. Providing additional output register may help in improving timing.
INFO: [Synth 8-7052] The timing for the instance pe_inst/ram_inst/mem_reg_bram_31 (implemented as a Block RAM) might be sub-optimal as no optional output register could be merged into the ram block. Providing additional output register may help in improving timing.
---------------------------------------------------------------------------------
Finished Technology Mapping : Time (s): cpu = 00:00:08 ; elapsed = 00:00:10 . Memory (MB): peak = 2735.445 ; gain = 1318.602 ; free physical = 12719 ; free virtual = 43606
Synthesis current peak Physical Memory [PSS] (MB): peak = 2026.851; parent = 1821.819; children = 205.062
Synthesis current peak Virtual Memory [VSS] (MB): peak = 3727.484; parent = 2735.449; children = 992.035
---------------------------------------------------------------------------------
---------------------------------------------------------------------------------
Start IO Insertion
---------------------------------------------------------------------------------
---------------------------------------------------------------------------------
Start Flattening Before IO Insertion
---------------------------------------------------------------------------------
---------------------------------------------------------------------------------
Finished Flattening Before IO Insertion
---------------------------------------------------------------------------------
---------------------------------------------------------------------------------
Start Final Netlist Cleanup
---------------------------------------------------------------------------------
---------------------------------------------------------------------------------
Finished Final Netlist Cleanup
---------------------------------------------------------------------------------
---------------------------------------------------------------------------------
Finished IO Insertion : Time (s): cpu = 00:00:11 ; elapsed = 00:00:12 . Memory (MB): peak = 2735.445 ; gain = 1318.602 ; free physical = 12881 ; free virtual = 43762
Synthesis current peak Physical Memory [PSS] (MB): peak = 2026.851; parent = 1821.819; children = 205.062
Synthesis current peak Virtual Memory [VSS] (MB): peak = 3727.484; parent = 2735.449; children = 992.035
---------------------------------------------------------------------------------
---------------------------------------------------------------------------------
Start Renaming Generated Instances
---------------------------------------------------------------------------------
---------------------------------------------------------------------------------
Finished Renaming Generated Instances : Time (s): cpu = 00:00:11 ; elapsed = 00:00:12 . Memory (MB): peak = 2735.445 ; gain = 1318.602 ; free physical = 12881 ; free virtual = 43762
Synthesis current peak Physical Memory [PSS] (MB): peak = 2026.851; parent = 1821.819; children = 205.062
Synthesis current peak Virtual Memory [VSS] (MB): peak = 3727.484; parent = 2735.449; children = 992.035
---------------------------------------------------------------------------------
---------------------------------------------------------------------------------
Start Rebuilding User Hierarchy
---------------------------------------------------------------------------------
---------------------------------------------------------------------------------
Finished Rebuilding User Hierarchy : Time (s): cpu = 00:00:11 ; elapsed = 00:00:12 . Memory (MB): peak = 2735.445 ; gain = 1318.602 ; free physical = 12883 ; free virtual = 43764
Synthesis current peak Physical Memory [PSS] (MB): peak = 2026.851; parent = 1821.819; children = 205.062
Synthesis current peak Virtual Memory [VSS] (MB): peak = 3727.484; parent = 2735.449; children = 992.035
---------------------------------------------------------------------------------
---------------------------------------------------------------------------------
Start Renaming Generated Ports
---------------------------------------------------------------------------------
---------------------------------------------------------------------------------
Finished Renaming Generated Ports : Time (s): cpu = 00:00:11 ; elapsed = 00:00:13 . Memory (MB): peak = 2735.445 ; gain = 1318.602 ; free physical = 12882 ; free virtual = 43764
Synthesis current peak Physical Memory [PSS] (MB): peak = 2026.851; parent = 1821.819; children = 205.062
Synthesis current peak Virtual Memory [VSS] (MB): peak = 3727.484; parent = 2735.449; children = 992.035
---------------------------------------------------------------------------------
---------------------------------------------------------------------------------
Start Handling Custom Attributes
---------------------------------------------------------------------------------
---------------------------------------------------------------------------------
Finished Handling Custom Attributes : Time (s): cpu = 00:00:11 ; elapsed = 00:00:13 . Memory (MB): peak = 2735.445 ; gain = 1318.602 ; free physical = 12882 ; free virtual = 43763
Synthesis current peak Physical Memory [PSS] (MB): peak = 2026.851; parent = 1821.819; children = 205.062
Synthesis current peak Virtual Memory [VSS] (MB): peak = 3727.484; parent = 2735.449; children = 992.035
---------------------------------------------------------------------------------
---------------------------------------------------------------------------------
Start Renaming Generated Nets
---------------------------------------------------------------------------------
---------------------------------------------------------------------------------
Finished Renaming Generated Nets : Time (s): cpu = 00:00:11 ; elapsed = 00:00:13 . Memory (MB): peak = 2735.445 ; gain = 1318.602 ; free physical = 12882 ; free virtual = 43763
Synthesis current peak Physical Memory [PSS] (MB): peak = 2026.851; parent = 1821.819; children = 205.062
Synthesis current peak Virtual Memory [VSS] (MB): peak = 3727.484; parent = 2735.449; children = 992.035
---------------------------------------------------------------------------------
---------------------------------------------------------------------------------
Start Writing Synthesis Report
---------------------------------------------------------------------------------

DSP Final Report (the ' indicates corresponding REG is set)
+------------+-------------+--------+--------+--------+--------+--------+------+------+------+------+-------+------+------+
|Module Name | DSP Mapping | A Size | B Size | C Size | D Size | P Size | AREG | BREG | CREG | DREG | ADREG | MREG | PREG | 
+------------+-------------+--------+--------+--------+--------+--------+------+------+------+------+-------+------+------+
|multiplier  | (A*B)'      | 30     | 18     | -      | -      | 34     | 0    | 0    | -    | -    | -     | 0    | 1    | 
+------------+-------------+--------+--------+--------+--------+--------+------+------+------+------+-------+------+------+


Report BlackBoxes: 
+-+--------------+----------+
| |BlackBox name |Instances |
+-+--------------+----------+
+-+--------------+----------+

Report Cell Usage: 
+------+----------------+------+
|      |Cell            |Count |
+------+----------------+------+
|1     |BUFG            |     1|
|2     |CARRY8          |     5|
|3     |DSP_ALU         |     1|
|4     |DSP_A_B_DATA    |     1|
|5     |DSP_C_DATA      |     1|
|6     |DSP_MULTIPLIER  |     1|
|7     |DSP_M_DATA      |     1|
|8     |DSP_OUTPUT      |     1|
|9     |DSP_PREADD      |     1|
|10    |DSP_PREADD_DATA |     1|
|11    |LUT1            |     1|
|12    |LUT2            |    36|
|13    |LUT3            |    58|
|14    |LUT4            |    51|
|15    |LUT5            |    16|
|16    |RAMB36E2        |    32|
|17    |FDCE            |   165|
|18    |FDRE            |     1|
|19    |IBUF            |    56|
|20    |OBUF            |    53|
+------+----------------+------+

Report Instance Areas: 
+------+------------------+----------------------------------------+------+
|      |Instance          |Module                                  |Cells |
+------+------------------+----------------------------------------+------+
|1     |top               |                                        |   483|
|2     |  pe_inst         |pe                                      |   372|
|3     |    mac_inst      |mac_unit                                |   232|
|4     |      acc         |accumulator                             |   112|
|5     |      mul         |multiplier                              |   111|
|6     |        mult_reg0 |\pe_inst/mac_inst/mul/mult_reg0_funnel  |     8|
|7     |    ram_inst      |ram                                     |    89|
+------+------------------+----------------------------------------+------+
---------------------------------------------------------------------------------
Finished Writing Synthesis Report : Time (s): cpu = 00:00:11 ; elapsed = 00:00:13 . Memory (MB): peak = 2735.445 ; gain = 1318.602 ; free physical = 12882 ; free virtual = 43763
Synthesis current peak Physical Memory [PSS] (MB): peak = 2026.851; parent = 1821.819; children = 205.062
Synthesis current peak Virtual Memory [VSS] (MB): peak = 3727.484; parent = 2735.449; children = 992.035
---------------------------------------------------------------------------------
Synthesis finished with 0 errors, 0 critical warnings and 1 warnings.
Synthesis Optimization Runtime : Time (s): cpu = 00:00:11 ; elapsed = 00:00:13 . Memory (MB): peak = 2735.445 ; gain = 1318.602 ; free physical = 12882 ; free virtual = 43763
Synthesis Optimization Complete : Time (s): cpu = 00:00:11 ; elapsed = 00:00:13 . Memory (MB): peak = 2735.453 ; gain = 1318.602 ; free physical = 12882 ; free virtual = 43763
INFO: [Project 1-571] Translating synthesized netlist
Netlist sorting complete. Time (s): cpu = 00:00:00.01 ; elapsed = 00:00:00.01 . Memory (MB): peak = 2735.453 ; gain = 0.000 ; free physical = 12869 ; free virtual = 43750
INFO: [Netlist 29-17] Analyzing 63 Unisim elements for replacement
INFO: [Netlist 29-28] Unisim Transformation completed in 0 CPU seconds
INFO: [Project 1-570] Preparing netlist for logic optimization
INFO: [Opt 31-138] Pushed 0 inverter(s) to 0 load pin(s).
Netlist sorting complete. Time (s): cpu = 00:00:00 ; elapsed = 00:00:00 . Memory (MB): peak = 2783.469 ; gain = 0.000 ; free physical = 12796 ; free virtual = 43686
INFO: [Project 1-111] Unisim Transformation Summary:
  A total of 58 instances were transformed.
  BUFG => BUFGCE: 1 instance 
  DSP48E2 => DSP48E2 (DSP_ALU, DSP_A_B_DATA, DSP_C_DATA, DSP_MULTIPLIER, DSP_M_DATA, DSP_OUTPUT, DSP_PREADD, DSP_PREADD_DATA): 1 instance 
  IBUF => IBUF (IBUFCTRL, INBUF): 56 instances

Synth Design complete, checksum: 8cd40f78
INFO: [Common 17-83] Releasing license: Synthesis
42 Infos, 1 Warnings, 0 Critical Warnings and 0 Errors encountered.
synth_design completed successfully
synth_design: Time (s): cpu = 00:00:13 ; elapsed = 00:00:14 . Memory (MB): peak = 2783.469 ; gain = 1366.625 ; free physical = 12931 ; free virtual = 43821
INFO: [Common 17-1381] The checkpoint '/home/pah/fpga_cnn_accelerator/FPGA-based-CNN-Accelerator-for-autonomous-vehicles/synth/single_pe/single_pe.runs/synth_1/pe_wrapper.dcp' has been generated.
INFO: [runtcl-4] Executing : report_utilization -file pe_wrapper_utilization_synth.rpt -pb pe_wrapper_utilization_synth.pb
INFO: [Common 17-206] Exiting Vivado at Fri Mar 20 17:23:42 2026...
