Copyright 1986-2022 Xilinx, Inc. All Rights Reserved. Copyright 2022-2025 Advanced Micro Devices, Inc. All Rights Reserved.
--------------------------------------------------------------------------------------------------------------------------------------------------------------------------------------------------------------------------------------------------
| Tool Version      : Vivado v.2025.2 (lin64) Build 6299465 Fri Nov 14 12:34:56 MST 2025
| Date              : Wed Apr  1 10:24:23 2026
| Host              : pah-PC running 64-bit Ubuntu 24.04.4 LTS
| Command           : report_timing_summary -max_paths 10 -routable_nets -report_unconstrained -file cnn_wrapper_timing_summary_routed.rpt -pb cnn_wrapper_timing_summary_routed.pb -rpx cnn_wrapper_timing_summary_routed.rpx -warn_on_violation
| Design            : cnn_wrapper
| Device            : xczu7ev-ffvc1156
| Speed File        : -2  PRODUCTION 1.30 05-15-2022
| Design State      : Routed
| Temperature Grade : E
--------------------------------------------------------------------------------------------------------------------------------------------------------------------------------------------------------------------------------------------------

Timing Summary Report

------------------------------------------------------------------------------------------------
| Timer Settings
| --------------
------------------------------------------------------------------------------------------------

  Enable Multi Corner Analysis               :  Yes
  Enable Pessimism Removal                   :  Yes
  Pessimism Removal Resolution               :  Nearest Common Node
  Enable Input Delay Default Clock           :  No
  Enable Preset / Clear Arcs                 :  No
  Disable Flight Delays                      :  No
  Ignore I/O Paths                           :  No
  Timing Early Launch at Borrowing Latches   :  No
  Borrow Time for Max Delay Exceptions       :  Yes
  Merge Timing Exceptions                    :  Yes
  Inter-SLR Compensation                     :  Conservative

  Corner  Analyze    Analyze    
  Name    Max Paths  Min Paths  
  ------  ---------  ---------  
  Slow    Yes        Yes        
  Fast    Yes        Yes        


------------------------------------------------------------------------------------------------
| Report Methodology
| ------------------
------------------------------------------------------------------------------------------------

Rule       Severity          Description                                 Violations  
---------  ----------------  ------------------------------------------  ----------  
TIMING-17  Critical Warning  Non-clocked sequential cell                 1000        
DPIR-2     Warning           Asynchronous driver check                   768         
SYNTH-6    Warning           Timing of a RAM block might be sub-optimal  8           

Note: This report is based on the most recent report_methodology run and may not be up-to-date. Run report_methodology on the current design for the latest report.



check_timing report

Table of Contents
-----------------
1. checking no_clock (1576)
2. checking constant_clock (0)
3. checking pulse_width_clock (0)
4. checking unconstrained_internal_endpoints (5946)
5. checking no_input_delay (174)
6. checking no_output_delay (562)
7. checking multiple_clock (0)
8. checking generated_clocks (0)
9. checking loops (0)
10. checking partial_input_delay (0)
11. checking partial_output_delay (0)
12. checking latch_loops (0)

1. checking no_clock (1576)
---------------------------
 There are 1576 register/latch pins with no clock driven by root clock pin: clk (HIGH)


2. checking constant_clock (0)
------------------------------
 There are 0 register/latch pins with constant_clock.


3. checking pulse_width_clock (0)
---------------------------------
 There are 0 register/latch pins which need pulse_width check


4. checking unconstrained_internal_endpoints (5946)
---------------------------------------------------
 There are 5946 pins that are not constrained for maximum delay. (HIGH)

 There are 0 pins that are not constrained for maximum delay due to constant clock.


5. checking no_input_delay (174)
--------------------------------
 There are 174 input ports with no input delay specified. (HIGH)

 There are 0 input ports with no input delay but user has a false path constraint.


6. checking no_output_delay (562)
---------------------------------
 There are 562 ports with no output delay specified. (HIGH)

 There are 0 ports with no output delay but user has a false path constraint

 There are 0 ports with no output delay but with a timing clock defined on it or propagating through it


7. checking multiple_clock (0)
------------------------------
 There are 0 register/latch pins with multiple clocks.


8. checking generated_clocks (0)
--------------------------------
 There are 0 generated clocks that are not connected to a clock source.


9. checking loops (0)
---------------------
 There are 0 combinational loops in the design.


10. checking partial_input_delay (0)
------------------------------------
 There are 0 input ports with partial input delay specified.


11. checking partial_output_delay (0)
-------------------------------------
 There are 0 ports with partial output delay specified.


12. checking latch_loops (0)
----------------------------
 There are 0 combinational latch loops in the design through latch input



------------------------------------------------------------------------------------------------
| Design Timing Summary
| ---------------------
------------------------------------------------------------------------------------------------

    WNS(ns)      TNS(ns)  TNS Failing Endpoints  TNS Total Endpoints      WHS(ns)      THS(ns)  THS Failing Endpoints  THS Total Endpoints     WPWS(ns)     TPWS(ns)  TPWS Failing Endpoints  TPWS Total Endpoints  
    -------      -------  ---------------------  -------------------      -------      -------  ---------------------  -------------------     --------     --------  ----------------------  --------------------  
        inf        0.000                      0                 4200          inf        0.000                      0                 4200           NA           NA                      NA                    NA  


There are no user specified timing constraints.


------------------------------------------------------------------------------------------------
| Clock Summary
| -------------
------------------------------------------------------------------------------------------------


------------------------------------------------------------------------------------------------
| Intra Clock Table
| -----------------
------------------------------------------------------------------------------------------------

Clock             WNS(ns)      TNS(ns)  TNS Failing Endpoints  TNS Total Endpoints      WHS(ns)      THS(ns)  THS Failing Endpoints  THS Total Endpoints     WPWS(ns)     TPWS(ns)  TPWS Failing Endpoints  TPWS Total Endpoints  
-----             -------      -------  ---------------------  -------------------      -------      -------  ---------------------  -------------------     --------     --------  ----------------------  --------------------  


------------------------------------------------------------------------------------------------
| Inter Clock Table
| -----------------
------------------------------------------------------------------------------------------------

From Clock    To Clock          WNS(ns)      TNS(ns)  TNS Failing Endpoints  TNS Total Endpoints      WHS(ns)      THS(ns)  THS Failing Endpoints  THS Total Endpoints  
----------    --------          -------      -------  ---------------------  -------------------      -------      -------  ---------------------  -------------------  


------------------------------------------------------------------------------------------------
| Other Path Groups Table
| -----------------------
------------------------------------------------------------------------------------------------

Path Group    From Clock    To Clock          WNS(ns)      TNS(ns)  TNS Failing Endpoints  TNS Total Endpoints      WHS(ns)      THS(ns)  THS Failing Endpoints  THS Total Endpoints  
----------    ----------    --------          -------      -------  ---------------------  -------------------      -------      -------  ---------------------  -------------------  


------------------------------------------------------------------------------------------------
| User Ignored Path Table
| -----------------------
------------------------------------------------------------------------------------------------

Path Group    From Clock    To Clock    
----------    ----------    --------    


------------------------------------------------------------------------------------------------
| Unconstrained Path Table
| ------------------------
------------------------------------------------------------------------------------------------

Path Group    From Clock    To Clock    
----------    ----------    --------    
(none)                                    


------------------------------------------------------------------------------------------------
| Timing Details
| --------------
------------------------------------------------------------------------------------------------


--------------------------------------------------------------------------------------
Path Group:  (none)
From Clock:  
  To Clock:  

Max Delay          4200 Endpoints
Min Delay          4200 Endpoints
--------------------------------------------------------------------------------------


Max Delay Paths
--------------------------------------------------------------------------------------
Slack:                    inf
  Source:                 u_cnn_accelerator_core/u_computational_array/u_systolic_array/GEN_ROW[0].GEN_COL[0].pe_inst/mac_inst/accum_inst/start_d_reg/C
                            (rising edge-triggered cell FDCE)
  Destination:            u_cnn_accelerator_core/u_computational_array/u_systolic_array/GEN_ROW[1].GEN_COL[0].pe_inst/mac_inst/accum_inst/current_sum_o_reg[13]/D
  Path Group:             (none)
  Path Type:              Max at Slow Process Corner
  Data Path Delay:        5.182ns  (logic 0.545ns (10.517%)  route 4.637ns (89.483%))
  Logic Levels:           5  (CARRY8=2 FDCE=1 LUT5=1 LUT6=1)

    Location             Delay type                Incr(ns)  Path(ns)    Netlist Resource(s)
  -------------------------------------------------------------------    -------------------
    SLICE_X57Y182        FDCE                         0.000     0.000 r  u_cnn_accelerator_core/u_computational_array/u_systolic_array/GEN_ROW[0].GEN_COL[0].pe_inst/mac_inst/accum_inst/start_d_reg/C
    SLICE_X57Y182        FDCE (Prop_AFF_SLICEM_C_Q)
                                                      0.077     0.077 r  u_cnn_accelerator_core/u_computational_array/u_systolic_array/GEN_ROW[0].GEN_COL[0].pe_inst/mac_inst/accum_inst/start_d_reg/Q
                         net (fo=1144, routed)        3.479     3.556    u_cnn_accelerator_core/u_computational_array/u_systolic_array/GEN_ROW[0].GEN_COL[0].pe_inst/mac_inst/accum_inst/add/current_sum_o_reg[0]
    SLICE_X64Y165        LUT6 (Prop_A6LUT_SLICEM_I0_O)
                                                      0.125     3.681 r  u_cnn_accelerator_core/u_computational_array/u_systolic_array/GEN_ROW[0].GEN_COL[0].pe_inst/mac_inst/accum_inst/add/sum_carry_i_16__10/O
                         net (fo=1, routed)           0.013     3.694    u_cnn_accelerator_core/u_computational_array/u_systolic_array/GEN_ROW[1].GEN_COL[0].pe_inst/mac_inst/accum_inst/add/current_sum_o_reg[7][0]
    SLICE_X64Y165        CARRY8 (Prop_CARRY8_SLICEM_S[0]_CO[7])
                                                      0.192     3.886 r  u_cnn_accelerator_core/u_computational_array/u_systolic_array/GEN_ROW[1].GEN_COL[0].pe_inst/mac_inst/accum_inst/add/sum_carry/CO[7]
                         net (fo=1, routed)           0.026     3.912    u_cnn_accelerator_core/u_computational_array/u_systolic_array/GEN_ROW[1].GEN_COL[0].pe_inst/mac_inst/accum_inst/add/sum_carry_n_0
    SLICE_X64Y166        CARRY8 (Prop_CARRY8_SLICEM_CI_O[5])
                                                      0.116     4.028 r  u_cnn_accelerator_core/u_computational_array/u_systolic_array/GEN_ROW[1].GEN_COL[0].pe_inst/mac_inst/accum_inst/add/sum_carry__0/O[5]
                         net (fo=1, routed)           1.069     5.097    u_cnn_accelerator_core/u_computational_array/u_systolic_array/GEN_ROW[0].GEN_COL[0].pe_inst/mac_inst/accum_inst/current_sum_o_reg[15]_9[5]
    SLICE_X65Y166        LUT5 (Prop_C6LUT_SLICEL_I3_O)
                                                      0.035     5.132 r  u_cnn_accelerator_core/u_computational_array/u_systolic_array/GEN_ROW[0].GEN_COL[0].pe_inst/mac_inst/accum_inst/current_sum_o[13]_i_1__9/O
                         net (fo=1, routed)           0.050     5.182    u_cnn_accelerator_core/u_computational_array/u_systolic_array/GEN_ROW[1].GEN_COL[0].pe_inst/mac_inst/accum_inst/current_sum_o_reg[34]_2[13]
    SLICE_X65Y166        FDCE                                         r  u_cnn_accelerator_core/u_computational_array/u_systolic_array/GEN_ROW[1].GEN_COL[0].pe_inst/mac_inst/accum_inst/current_sum_o_reg[13]/D
  -------------------------------------------------------------------    -------------------

Slack:                    inf
  Source:                 u_cnn_accelerator_core/u_computational_array/u_systolic_array/GEN_ROW[0].GEN_COL[0].pe_inst/mac_inst/accum_inst/start_d_reg/C
                            (rising edge-triggered cell FDCE)
  Destination:            u_cnn_accelerator_core/u_computational_array/u_systolic_array/GEN_ROW[1].GEN_COL[0].pe_inst/mac_inst/accum_inst/current_sum_o_reg[27]/D
  Path Group:             (none)
  Path Type:              Max at Slow Process Corner
  Data Path Delay:        5.049ns  (logic 0.594ns (11.764%)  route 4.455ns (88.236%))
  Logic Levels:           7  (CARRY8=4 FDCE=1 LUT5=1 LUT6=1)

    Location             Delay type                Incr(ns)  Path(ns)    Netlist Resource(s)
  -------------------------------------------------------------------    -------------------
    SLICE_X57Y182        FDCE                         0.000     0.000 r  u_cnn_accelerator_core/u_computational_array/u_systolic_array/GEN_ROW[0].GEN_COL[0].pe_inst/mac_inst/accum_inst/start_d_reg/C
    SLICE_X57Y182        FDCE (Prop_AFF_SLICEM_C_Q)
                                                      0.077     0.077 r  u_cnn_accelerator_core/u_computational_array/u_systolic_array/GEN_ROW[0].GEN_COL[0].pe_inst/mac_inst/accum_inst/start_d_reg/Q
                         net (fo=1144, routed)        3.479     3.556    u_cnn_accelerator_core/u_computational_array/u_systolic_array/GEN_ROW[0].GEN_COL[0].pe_inst/mac_inst/accum_inst/add/current_sum_o_reg[0]
    SLICE_X64Y165        LUT6 (Prop_A6LUT_SLICEM_I0_O)
                                                      0.125     3.681 r  u_cnn_accelerator_core/u_computational_array/u_systolic_array/GEN_ROW[0].GEN_COL[0].pe_inst/mac_inst/accum_inst/add/sum_carry_i_16__10/O
                         net (fo=1, routed)           0.013     3.694    u_cnn_accelerator_core/u_computational_array/u_systolic_array/GEN_ROW[1].GEN_COL[0].pe_inst/mac_inst/accum_inst/add/current_sum_o_reg[7][0]
    SLICE_X64Y165        CARRY8 (Prop_CARRY8_SLICEM_S[0]_CO[7])
                                                      0.192     3.886 r  u_cnn_accelerator_core/u_computational_array/u_systolic_array/GEN_ROW[1].GEN_COL[0].pe_inst/mac_inst/accum_inst/add/sum_carry/CO[7]
                         net (fo=1, routed)           0.026     3.912    u_cnn_accelerator_core/u_computational_array/u_systolic_array/GEN_ROW[1].GEN_COL[0].pe_inst/mac_inst/accum_inst/add/sum_carry_n_0
    SLICE_X64Y166        CARRY8 (Prop_CARRY8_SLICEM_CI_CO[7])
                                                      0.015     3.927 r  u_cnn_accelerator_core/u_computational_array/u_systolic_array/GEN_ROW[1].GEN_COL[0].pe_inst/mac_inst/accum_inst/add/sum_carry__0/CO[7]
                         net (fo=1, routed)           0.026     3.953    u_cnn_accelerator_core/u_computational_array/u_systolic_array/GEN_ROW[1].GEN_COL[0].pe_inst/mac_inst/accum_inst/add/sum_carry__0_n_0
    SLICE_X64Y167        CARRY8 (Prop_CARRY8_SLICEM_CI_CO[7])
                                                      0.015     3.968 r  u_cnn_accelerator_core/u_computational_array/u_systolic_array/GEN_ROW[1].GEN_COL[0].pe_inst/mac_inst/accum_inst/add/sum_carry__1/CO[7]
                         net (fo=1, routed)           0.026     3.994    u_cnn_accelerator_core/u_computational_array/u_systolic_array/GEN_ROW[1].GEN_COL[0].pe_inst/mac_inst/accum_inst/add/sum_carry__1_n_0
    SLICE_X64Y168        CARRY8 (Prop_CARRY8_SLICEM_CI_O[3])
                                                      0.082     4.076 r  u_cnn_accelerator_core/u_computational_array/u_systolic_array/GEN_ROW[1].GEN_COL[0].pe_inst/mac_inst/accum_inst/add/sum_carry__2/O[3]
                         net (fo=1, routed)           0.835     4.911    u_cnn_accelerator_core/u_computational_array/u_systolic_array/GEN_ROW[0].GEN_COL[0].pe_inst/mac_inst/accum_inst/current_sum_o_reg[31]_9[3]
    SLICE_X65Y169        LUT5 (Prop_C6LUT_SLICEL_I3_O)
                                                      0.088     4.999 r  u_cnn_accelerator_core/u_computational_array/u_systolic_array/GEN_ROW[0].GEN_COL[0].pe_inst/mac_inst/accum_inst/current_sum_o[27]_i_1__9/O
                         net (fo=1, routed)           0.050     5.049    u_cnn_accelerator_core/u_computational_array/u_systolic_array/GEN_ROW[1].GEN_COL[0].pe_inst/mac_inst/accum_inst/current_sum_o_reg[34]_2[27]
    SLICE_X65Y169        FDCE                                         r  u_cnn_accelerator_core/u_computational_array/u_systolic_array/GEN_ROW[1].GEN_COL[0].pe_inst/mac_inst/accum_inst/current_sum_o_reg[27]/D
  -------------------------------------------------------------------    -------------------

Slack:                    inf
  Source:                 u_cnn_accelerator_core/u_computational_array/u_systolic_array/GEN_ROW[0].GEN_COL[0].pe_inst/mac_inst/accum_inst/start_d_reg/C
                            (rising edge-triggered cell FDCE)
  Destination:            u_cnn_accelerator_core/u_computational_array/u_systolic_array/GEN_ROW[1].GEN_COL[0].pe_inst/mac_inst/accum_inst/current_sum_o_reg[30]/D
  Path Group:             (none)
  Path Type:              Max at Slow Process Corner
  Data Path Delay:        4.987ns  (logic 0.577ns (11.570%)  route 4.410ns (88.430%))
  Logic Levels:           7  (CARRY8=4 FDCE=1 LUT5=1 LUT6=1)

    Location             Delay type                Incr(ns)  Path(ns)    Netlist Resource(s)
  -------------------------------------------------------------------    -------------------
    SLICE_X57Y182        FDCE                         0.000     0.000 r  u_cnn_accelerator_core/u_computational_array/u_systolic_array/GEN_ROW[0].GEN_COL[0].pe_inst/mac_inst/accum_inst/start_d_reg/C
    SLICE_X57Y182        FDCE (Prop_AFF_SLICEM_C_Q)
                                                      0.077     0.077 r  u_cnn_accelerator_core/u_computational_array/u_systolic_array/GEN_ROW[0].GEN_COL[0].pe_inst/mac_inst/accum_inst/start_d_reg/Q
                         net (fo=1144, routed)        3.479     3.556    u_cnn_accelerator_core/u_computational_array/u_systolic_array/GEN_ROW[0].GEN_COL[0].pe_inst/mac_inst/accum_inst/add/current_sum_o_reg[0]
    SLICE_X64Y165        LUT6 (Prop_A6LUT_SLICEM_I0_O)
                                                      0.125     3.681 r  u_cnn_accelerator_core/u_computational_array/u_systolic_array/GEN_ROW[0].GEN_COL[0].pe_inst/mac_inst/accum_inst/add/sum_carry_i_16__10/O
                         net (fo=1, routed)           0.013     3.694    u_cnn_accelerator_core/u_computational_array/u_systolic_array/GEN_ROW[1].GEN_COL[0].pe_inst/mac_inst/accum_inst/add/current_sum_o_reg[7][0]
    SLICE_X64Y165        CARRY8 (Prop_CARRY8_SLICEM_S[0]_CO[7])
                                                      0.192     3.886 r  u_cnn_accelerator_core/u_computational_array/u_systolic_array/GEN_ROW[1].GEN_COL[0].pe_inst/mac_inst/accum_inst/add/sum_carry/CO[7]
                         net (fo=1, routed)           0.026     3.912    u_cnn_accelerator_core/u_computational_array/u_systolic_array/GEN_ROW[1].GEN_COL[0].pe_inst/mac_inst/accum_inst/add/sum_carry_n_0
    SLICE_X64Y166        CARRY8 (Prop_CARRY8_SLICEM_CI_CO[7])
                                                      0.015     3.927 r  u_cnn_accelerator_core/u_computational_array/u_systolic_array/GEN_ROW[1].GEN_COL[0].pe_inst/mac_inst/accum_inst/add/sum_carry__0/CO[7]
                         net (fo=1, routed)           0.026     3.953    u_cnn_accelerator_core/u_computational_array/u_systolic_array/GEN_ROW[1].GEN_COL[0].pe_inst/mac_inst/accum_inst/add/sum_carry__0_n_0
    SLICE_X64Y167        CARRY8 (Prop_CARRY8_SLICEM_CI_CO[7])
                                                      0.015     3.968 r  u_cnn_accelerator_core/u_computational_array/u_systolic_array/GEN_ROW[1].GEN_COL[0].pe_inst/mac_inst/accum_inst/add/sum_carry__1/CO[7]
                         net (fo=1, routed)           0.026     3.994    u_cnn_accelerator_core/u_computational_array/u_systolic_array/GEN_ROW[1].GEN_COL[0].pe_inst/mac_inst/accum_inst/add/sum_carry__1_n_0
    SLICE_X64Y168        CARRY8 (Prop_CARRY8_SLICEM_CI_O[6])
                                                      0.103     4.097 r  u_cnn_accelerator_core/u_computational_array/u_systolic_array/GEN_ROW[1].GEN_COL[0].pe_inst/mac_inst/accum_inst/add/sum_carry__2/O[6]
                         net (fo=1, routed)           0.792     4.889    u_cnn_accelerator_core/u_computational_array/u_systolic_array/GEN_ROW[0].GEN_COL[0].pe_inst/mac_inst/accum_inst/current_sum_o_reg[31]_9[6]
    SLICE_X65Y168        LUT5 (Prop_A6LUT_SLICEL_I3_O)
                                                      0.050     4.939 r  u_cnn_accelerator_core/u_computational_array/u_systolic_array/GEN_ROW[0].GEN_COL[0].pe_inst/mac_inst/accum_inst/current_sum_o[30]_i_1__9/O
                         net (fo=1, routed)           0.048     4.987    u_cnn_accelerator_core/u_computational_array/u_systolic_array/GEN_ROW[1].GEN_COL[0].pe_inst/mac_inst/accum_inst/current_sum_o_reg[34]_2[30]
    SLICE_X65Y168        FDCE                                         r  u_cnn_accelerator_core/u_computational_array/u_systolic_array/GEN_ROW[1].GEN_COL[0].pe_inst/mac_inst/accum_inst/current_sum_o_reg[30]/D
  -------------------------------------------------------------------    -------------------

Slack:                    inf
  Source:                 u_cnn_accelerator_core/u_computational_array/u_systolic_array/GEN_ROW[0].GEN_COL[0].pe_inst/mac_inst/accum_inst/start_d_reg/C
                            (rising edge-triggered cell FDCE)
  Destination:            u_cnn_accelerator_core/u_computational_array/u_systolic_array/GEN_ROW[1].GEN_COL[0].pe_inst/mac_inst/accum_inst/current_sum_o_reg[26]/D
  Path Group:             (none)
  Path Type:              Max at Slow Process Corner
  Data Path Delay:        4.920ns  (logic 0.587ns (11.931%)  route 4.333ns (88.069%))
  Logic Levels:           7  (CARRY8=4 FDCE=1 LUT5=1 LUT6=1)

    Location             Delay type                Incr(ns)  Path(ns)    Netlist Resource(s)
  -------------------------------------------------------------------    -------------------
    SLICE_X57Y182        FDCE                         0.000     0.000 r  u_cnn_accelerator_core/u_computational_array/u_systolic_array/GEN_ROW[0].GEN_COL[0].pe_inst/mac_inst/accum_inst/start_d_reg/C
    SLICE_X57Y182        FDCE (Prop_AFF_SLICEM_C_Q)
                                                      0.077     0.077 r  u_cnn_accelerator_core/u_computational_array/u_systolic_array/GEN_ROW[0].GEN_COL[0].pe_inst/mac_inst/accum_inst/start_d_reg/Q
                         net (fo=1144, routed)        3.479     3.556    u_cnn_accelerator_core/u_computational_array/u_systolic_array/GEN_ROW[0].GEN_COL[0].pe_inst/mac_inst/accum_inst/add/current_sum_o_reg[0]
    SLICE_X64Y165        LUT6 (Prop_A6LUT_SLICEM_I0_O)
                                                      0.125     3.681 r  u_cnn_accelerator_core/u_computational_array/u_systolic_array/GEN_ROW[0].GEN_COL[0].pe_inst/mac_inst/accum_inst/add/sum_carry_i_16__10/O
                         net (fo=1, routed)           0.013     3.694    u_cnn_accelerator_core/u_computational_array/u_systolic_array/GEN_ROW[1].GEN_COL[0].pe_inst/mac_inst/accum_inst/add/current_sum_o_reg[7][0]
    SLICE_X64Y165        CARRY8 (Prop_CARRY8_SLICEM_S[0]_CO[7])
                                                      0.192     3.886 r  u_cnn_accelerator_core/u_computational_array/u_systolic_array/GEN_ROW[1].GEN_COL[0].pe_inst/mac_inst/accum_inst/add/sum_carry/CO[7]
                         net (fo=1, routed)           0.026     3.912    u_cnn_accelerator_core/u_computational_array/u_systolic_array/GEN_ROW[1].GEN_COL[0].pe_inst/mac_inst/accum_inst/add/sum_carry_n_0
    SLICE_X64Y166        CARRY8 (Prop_CARRY8_SLICEM_CI_CO[7])
                                                      0.015     3.927 r  u_cnn_accelerator_core/u_computational_array/u_systolic_array/GEN_ROW[1].GEN_COL[0].pe_inst/mac_inst/accum_inst/add/sum_carry__0/CO[7]
                         net (fo=1, routed)           0.026     3.953    u_cnn_accelerator_core/u_computational_array/u_systolic_array/GEN_ROW[1].GEN_COL[0].pe_inst/mac_inst/accum_inst/add/sum_carry__0_n_0
    SLICE_X64Y167        CARRY8 (Prop_CARRY8_SLICEM_CI_CO[7])
                                                      0.015     3.968 r  u_cnn_accelerator_core/u_computational_array/u_systolic_array/GEN_ROW[1].GEN_COL[0].pe_inst/mac_inst/accum_inst/add/sum_carry__1/CO[7]
                         net (fo=1, routed)           0.026     3.994    u_cnn_accelerator_core/u_computational_array/u_systolic_array/GEN_ROW[1].GEN_COL[0].pe_inst/mac_inst/accum_inst/add/sum_carry__1_n_0
    SLICE_X64Y168        CARRY8 (Prop_CARRY8_SLICEM_CI_O[2])
                                                      0.067     4.061 r  u_cnn_accelerator_core/u_computational_array/u_systolic_array/GEN_ROW[1].GEN_COL[0].pe_inst/mac_inst/accum_inst/add/sum_carry__2/O[2]
                         net (fo=1, routed)           0.713     4.774    u_cnn_accelerator_core/u_computational_array/u_systolic_array/GEN_ROW[0].GEN_COL[0].pe_inst/mac_inst/accum_inst/current_sum_o_reg[31]_9[2]
    SLICE_X65Y168        LUT5 (Prop_C6LUT_SLICEL_I3_O)
                                                      0.096     4.870 r  u_cnn_accelerator_core/u_computational_array/u_systolic_array/GEN_ROW[0].GEN_COL[0].pe_inst/mac_inst/accum_inst/current_sum_o[26]_i_1__9/O
                         net (fo=1, routed)           0.050     4.920    u_cnn_accelerator_core/u_computational_array/u_systolic_array/GEN_ROW[1].GEN_COL[0].pe_inst/mac_inst/accum_inst/current_sum_o_reg[34]_2[26]
    SLICE_X65Y168        FDCE                                         r  u_cnn_accelerator_core/u_computational_array/u_systolic_array/GEN_ROW[1].GEN_COL[0].pe_inst/mac_inst/accum_inst/current_sum_o_reg[26]/D
  -------------------------------------------------------------------    -------------------

Slack:                    inf
  Source:                 u_cnn_accelerator_core/u_computational_array/u_systolic_array/GEN_ROW[0].GEN_COL[0].pe_inst/mac_inst/accum_inst/start_d_reg/C
                            (rising edge-triggered cell FDCE)
  Destination:            u_cnn_accelerator_core/u_computational_array/u_systolic_array/GEN_ROW[1].GEN_COL[1].pe_inst/mac_inst/accum_inst/current_sum_o_reg[34]/D
  Path Group:             (none)
  Path Type:              Max at Slow Process Corner
  Data Path Delay:        4.629ns  (logic 0.409ns (8.835%)  route 4.220ns (91.165%))
  Logic Levels:           4  (CARRY8=1 FDCE=1 LUT4=1 LUT5=1)

    Location             Delay type                Incr(ns)  Path(ns)    Netlist Resource(s)
  -------------------------------------------------------------------    -------------------
    SLICE_X57Y182        FDCE                         0.000     0.000 r  u_cnn_accelerator_core/u_computational_array/u_systolic_array/GEN_ROW[0].GEN_COL[0].pe_inst/mac_inst/accum_inst/start_d_reg/C
    SLICE_X57Y182        FDCE (Prop_AFF_SLICEM_C_Q)
                                                      0.077     0.077 f  u_cnn_accelerator_core/u_computational_array/u_systolic_array/GEN_ROW[0].GEN_COL[0].pe_inst/mac_inst/accum_inst/start_d_reg/Q
                         net (fo=1144, routed)        2.854     2.931    u_cnn_accelerator_core/u_computational_array/u_systolic_array/GEN_ROW[0].GEN_COL[0].pe_inst/mac_inst/accum_inst/start_d_reg_0
    SLICE_X66Y169        LUT4 (Prop_D6LUT_SLICEL_I0_O)
                                                      0.146     3.077 r  u_cnn_accelerator_core/u_computational_array/u_systolic_array/GEN_ROW[0].GEN_COL[0].pe_inst/mac_inst/accum_inst/sum_carry__3_i_1__9/O
                         net (fo=1, routed)           1.046     4.123    u_cnn_accelerator_core/u_computational_array/u_systolic_array/GEN_ROW[1].GEN_COL[1].pe_inst/mac_inst/accum_inst/add/current_sum_o_reg[34][0]
    SLICE_X66Y169        CARRY8 (Prop_CARRY8_SLICEL_DI[1]_O[2])
                                                      0.096     4.219 r  u_cnn_accelerator_core/u_computational_array/u_systolic_array/GEN_ROW[1].GEN_COL[1].pe_inst/mac_inst/accum_inst/add/sum_carry__3/O[2]
                         net (fo=1, routed)           0.267     4.486    u_cnn_accelerator_core/u_computational_array/u_systolic_array/GEN_ROW[0].GEN_COL[0].pe_inst/mac_inst/accum_inst/current_sum_o_reg[34]_16[2]
    SLICE_X67Y169        LUT5 (Prop_A6LUT_SLICEM_I3_O)
                                                      0.090     4.576 r  u_cnn_accelerator_core/u_computational_array/u_systolic_array/GEN_ROW[0].GEN_COL[0].pe_inst/mac_inst/accum_inst/current_sum_o[34]_i_1__6/O
                         net (fo=1, routed)           0.053     4.629    u_cnn_accelerator_core/u_computational_array/u_systolic_array/GEN_ROW[1].GEN_COL[1].pe_inst/mac_inst/accum_inst/current_sum_o_reg[34]_2[34]
    SLICE_X67Y169        FDCE                                         r  u_cnn_accelerator_core/u_computational_array/u_systolic_array/GEN_ROW[1].GEN_COL[1].pe_inst/mac_inst/accum_inst/current_sum_o_reg[34]/D
  -------------------------------------------------------------------    -------------------

Slack:                    inf
  Source:                 u_cnn_accelerator_core/u_computational_array/u_systolic_array/GEN_ROW[0].GEN_COL[0].pe_inst/mac_inst/accum_inst/start_d_reg/C
                            (rising edge-triggered cell FDCE)
  Destination:            u_cnn_accelerator_core/u_computational_array/u_systolic_array/GEN_ROW[1].GEN_COL[0].pe_inst/mac_inst/accum_inst/current_sum_o_reg[23]/D
  Path Group:             (none)
  Path Type:              Max at Slow Process Corner
  Data Path Delay:        4.615ns  (logic 0.623ns (13.499%)  route 3.992ns (86.501%))
  Logic Levels:           6  (CARRY8=3 FDCE=1 LUT5=1 LUT6=1)

    Location             Delay type                Incr(ns)  Path(ns)    Netlist Resource(s)
  -------------------------------------------------------------------    -------------------
    SLICE_X57Y182        FDCE                         0.000     0.000 r  u_cnn_accelerator_core/u_computational_array/u_systolic_array/GEN_ROW[0].GEN_COL[0].pe_inst/mac_inst/accum_inst/start_d_reg/C
    SLICE_X57Y182        FDCE (Prop_AFF_SLICEM_C_Q)
                                                      0.077     0.077 r  u_cnn_accelerator_core/u_computational_array/u_systolic_array/GEN_ROW[0].GEN_COL[0].pe_inst/mac_inst/accum_inst/start_d_reg/Q
                         net (fo=1144, routed)        3.479     3.556    u_cnn_accelerator_core/u_computational_array/u_systolic_array/GEN_ROW[0].GEN_COL[0].pe_inst/mac_inst/accum_inst/add/current_sum_o_reg[0]
    SLICE_X64Y165        LUT6 (Prop_A6LUT_SLICEM_I0_O)
                                                      0.125     3.681 r  u_cnn_accelerator_core/u_computational_array/u_systolic_array/GEN_ROW[0].GEN_COL[0].pe_inst/mac_inst/accum_inst/add/sum_carry_i_16__10/O
                         net (fo=1, routed)           0.013     3.694    u_cnn_accelerator_core/u_computational_array/u_systolic_array/GEN_ROW[1].GEN_COL[0].pe_inst/mac_inst/accum_inst/add/current_sum_o_reg[7][0]
    SLICE_X64Y165        CARRY8 (Prop_CARRY8_SLICEM_S[0]_CO[7])
                                                      0.192     3.886 r  u_cnn_accelerator_core/u_computational_array/u_systolic_array/GEN_ROW[1].GEN_COL[0].pe_inst/mac_inst/accum_inst/add/sum_carry/CO[7]
                         net (fo=1, routed)           0.026     3.912    u_cnn_accelerator_core/u_computational_array/u_systolic_array/GEN_ROW[1].GEN_COL[0].pe_inst/mac_inst/accum_inst/add/sum_carry_n_0
    SLICE_X64Y166        CARRY8 (Prop_CARRY8_SLICEM_CI_CO[7])
                                                      0.015     3.927 r  u_cnn_accelerator_core/u_computational_array/u_systolic_array/GEN_ROW[1].GEN_COL[0].pe_inst/mac_inst/accum_inst/add/sum_carry__0/CO[7]
                         net (fo=1, routed)           0.026     3.953    u_cnn_accelerator_core/u_computational_array/u_systolic_array/GEN_ROW[1].GEN_COL[0].pe_inst/mac_inst/accum_inst/add/sum_carry__0_n_0
    SLICE_X64Y167        CARRY8 (Prop_CARRY8_SLICEM_CI_O[7])
                                                      0.116     4.069 r  u_cnn_accelerator_core/u_computational_array/u_systolic_array/GEN_ROW[1].GEN_COL[0].pe_inst/mac_inst/accum_inst/add/sum_carry__1/O[7]
                         net (fo=1, routed)           0.400     4.469    u_cnn_accelerator_core/u_computational_array/u_systolic_array/GEN_ROW[0].GEN_COL[0].pe_inst/mac_inst/accum_inst/current_sum_o_reg[23]_9[7]
    SLICE_X65Y167        LUT5 (Prop_A6LUT_SLICEL_I3_O)
                                                      0.098     4.567 r  u_cnn_accelerator_core/u_computational_array/u_systolic_array/GEN_ROW[0].GEN_COL[0].pe_inst/mac_inst/accum_inst/current_sum_o[23]_i_1__9/O
                         net (fo=1, routed)           0.048     4.615    u_cnn_accelerator_core/u_computational_array/u_systolic_array/GEN_ROW[1].GEN_COL[0].pe_inst/mac_inst/accum_inst/current_sum_o_reg[34]_2[23]
    SLICE_X65Y167        FDCE                                         r  u_cnn_accelerator_core/u_computational_array/u_systolic_array/GEN_ROW[1].GEN_COL[0].pe_inst/mac_inst/accum_inst/current_sum_o_reg[23]/D
  -------------------------------------------------------------------    -------------------

Slack:                    inf
  Source:                 u_cnn_accelerator_core/u_computational_array/u_systolic_array/GEN_ROW[0].GEN_COL[0].pe_inst/mac_inst/accum_inst/start_d_reg/C
                            (rising edge-triggered cell FDCE)
  Destination:            u_cnn_accelerator_core/u_computational_array/u_systolic_array/GEN_ROW[1].GEN_COL[0].pe_inst/mac_inst/accum_inst/current_sum_o_reg[34]/D
  Path Group:             (none)
  Path Type:              Max at Slow Process Corner
  Data Path Delay:        4.488ns  (logic 0.606ns (13.502%)  route 3.882ns (86.498%))
  Logic Levels:           8  (CARRY8=5 FDCE=1 LUT5=1 LUT6=1)

    Location             Delay type                Incr(ns)  Path(ns)    Netlist Resource(s)
  -------------------------------------------------------------------    -------------------
    SLICE_X57Y182        FDCE                         0.000     0.000 r  u_cnn_accelerator_core/u_computational_array/u_systolic_array/GEN_ROW[0].GEN_COL[0].pe_inst/mac_inst/accum_inst/start_d_reg/C
    SLICE_X57Y182        FDCE (Prop_AFF_SLICEM_C_Q)
                                                      0.077     0.077 r  u_cnn_accelerator_core/u_computational_array/u_systolic_array/GEN_ROW[0].GEN_COL[0].pe_inst/mac_inst/accum_inst/start_d_reg/Q
                         net (fo=1144, routed)        3.479     3.556    u_cnn_accelerator_core/u_computational_array/u_systolic_array/GEN_ROW[0].GEN_COL[0].pe_inst/mac_inst/accum_inst/add/current_sum_o_reg[0]
    SLICE_X64Y165        LUT6 (Prop_A6LUT_SLICEM_I0_O)
                                                      0.125     3.681 r  u_cnn_accelerator_core/u_computational_array/u_systolic_array/GEN_ROW[0].GEN_COL[0].pe_inst/mac_inst/accum_inst/add/sum_carry_i_16__10/O
                         net (fo=1, routed)           0.013     3.694    u_cnn_accelerator_core/u_computational_array/u_systolic_array/GEN_ROW[1].GEN_COL[0].pe_inst/mac_inst/accum_inst/add/current_sum_o_reg[7][0]
    SLICE_X64Y165        CARRY8 (Prop_CARRY8_SLICEM_S[0]_CO[7])
                                                      0.192     3.886 r  u_cnn_accelerator_core/u_computational_array/u_systolic_array/GEN_ROW[1].GEN_COL[0].pe_inst/mac_inst/accum_inst/add/sum_carry/CO[7]
                         net (fo=1, routed)           0.026     3.912    u_cnn_accelerator_core/u_computational_array/u_systolic_array/GEN_ROW[1].GEN_COL[0].pe_inst/mac_inst/accum_inst/add/sum_carry_n_0
    SLICE_X64Y166        CARRY8 (Prop_CARRY8_SLICEM_CI_CO[7])
                                                      0.015     3.927 r  u_cnn_accelerator_core/u_computational_array/u_systolic_array/GEN_ROW[1].GEN_COL[0].pe_inst/mac_inst/accum_inst/add/sum_carry__0/CO[7]
                         net (fo=1, routed)           0.026     3.953    u_cnn_accelerator_core/u_computational_array/u_systolic_array/GEN_ROW[1].GEN_COL[0].pe_inst/mac_inst/accum_inst/add/sum_carry__0_n_0
    SLICE_X64Y167        CARRY8 (Prop_CARRY8_SLICEM_CI_CO[7])
                                                      0.015     3.968 r  u_cnn_accelerator_core/u_computational_array/u_systolic_array/GEN_ROW[1].GEN_COL[0].pe_inst/mac_inst/accum_inst/add/sum_carry__1/CO[7]
                         net (fo=1, routed)           0.026     3.994    u_cnn_accelerator_core/u_computational_array/u_systolic_array/GEN_ROW[1].GEN_COL[0].pe_inst/mac_inst/accum_inst/add/sum_carry__1_n_0
    SLICE_X64Y168        CARRY8 (Prop_CARRY8_SLICEM_CI_CO[7])
                                                      0.015     4.009 r  u_cnn_accelerator_core/u_computational_array/u_systolic_array/GEN_ROW[1].GEN_COL[0].pe_inst/mac_inst/accum_inst/add/sum_carry__2/CO[7]
                         net (fo=1, routed)           0.026     4.035    u_cnn_accelerator_core/u_computational_array/u_systolic_array/GEN_ROW[1].GEN_COL[0].pe_inst/mac_inst/accum_inst/add/sum_carry__2_n_0
    SLICE_X64Y169        CARRY8 (Prop_CARRY8_SLICEM_CI_O[2])
                                                      0.067     4.102 r  u_cnn_accelerator_core/u_computational_array/u_systolic_array/GEN_ROW[1].GEN_COL[0].pe_inst/mac_inst/accum_inst/add/sum_carry__3/O[2]
                         net (fo=1, routed)           0.227     4.329    u_cnn_accelerator_core/u_computational_array/u_systolic_array/GEN_ROW[0].GEN_COL[0].pe_inst/mac_inst/accum_inst/current_sum_o_reg[34]_20[2]
    SLICE_X64Y170        LUT5 (Prop_B6LUT_SLICEM_I3_O)
                                                      0.100     4.429 r  u_cnn_accelerator_core/u_computational_array/u_systolic_array/GEN_ROW[0].GEN_COL[0].pe_inst/mac_inst/accum_inst/current_sum_o[34]_i_1__9/O
                         net (fo=1, routed)           0.059     4.488    u_cnn_accelerator_core/u_computational_array/u_systolic_array/GEN_ROW[1].GEN_COL[0].pe_inst/mac_inst/accum_inst/current_sum_o_reg[34]_2[34]
    SLICE_X64Y170        FDCE                                         r  u_cnn_accelerator_core/u_computational_array/u_systolic_array/GEN_ROW[1].GEN_COL[0].pe_inst/mac_inst/accum_inst/current_sum_o_reg[34]/D
  -------------------------------------------------------------------    -------------------

Slack:                    inf
  Source:                 u_cnn_accelerator_core/u_computational_array/u_systolic_array/GEN_ROW[0].GEN_COL[0].pe_inst/mac_inst/accum_inst/start_d_reg/C
                            (rising edge-triggered cell FDCE)
  Destination:            u_cnn_accelerator_core/u_computational_array/u_systolic_array/GEN_ROW[1].GEN_COL[0].pe_inst/mac_inst/accum_inst/current_sum_o_reg[25]/D
  Path Group:             (none)
  Path Type:              Max at Slow Process Corner
  Data Path Delay:        4.485ns  (logic 0.599ns (13.355%)  route 3.886ns (86.645%))
  Logic Levels:           7  (CARRY8=4 FDCE=1 LUT5=1 LUT6=1)

    Location             Delay type                Incr(ns)  Path(ns)    Netlist Resource(s)
  -------------------------------------------------------------------    -------------------
    SLICE_X57Y182        FDCE                         0.000     0.000 r  u_cnn_accelerator_core/u_computational_array/u_systolic_array/GEN_ROW[0].GEN_COL[0].pe_inst/mac_inst/accum_inst/start_d_reg/C
    SLICE_X57Y182        FDCE (Prop_AFF_SLICEM_C_Q)
                                                      0.077     0.077 r  u_cnn_accelerator_core/u_computational_array/u_systolic_array/GEN_ROW[0].GEN_COL[0].pe_inst/mac_inst/accum_inst/start_d_reg/Q
                         net (fo=1144, routed)        3.479     3.556    u_cnn_accelerator_core/u_computational_array/u_systolic_array/GEN_ROW[0].GEN_COL[0].pe_inst/mac_inst/accum_inst/add/current_sum_o_reg[0]
    SLICE_X64Y165        LUT6 (Prop_A6LUT_SLICEM_I0_O)
                                                      0.125     3.681 r  u_cnn_accelerator_core/u_computational_array/u_systolic_array/GEN_ROW[0].GEN_COL[0].pe_inst/mac_inst/accum_inst/add/sum_carry_i_16__10/O
                         net (fo=1, routed)           0.013     3.694    u_cnn_accelerator_core/u_computational_array/u_systolic_array/GEN_ROW[1].GEN_COL[0].pe_inst/mac_inst/accum_inst/add/current_sum_o_reg[7][0]
    SLICE_X64Y165        CARRY8 (Prop_CARRY8_SLICEM_S[0]_CO[7])
                                                      0.192     3.886 r  u_cnn_accelerator_core/u_computational_array/u_systolic_array/GEN_ROW[1].GEN_COL[0].pe_inst/mac_inst/accum_inst/add/sum_carry/CO[7]
                         net (fo=1, routed)           0.026     3.912    u_cnn_accelerator_core/u_computational_array/u_systolic_array/GEN_ROW[1].GEN_COL[0].pe_inst/mac_inst/accum_inst/add/sum_carry_n_0
    SLICE_X64Y166        CARRY8 (Prop_CARRY8_SLICEM_CI_CO[7])
                                                      0.015     3.927 r  u_cnn_accelerator_core/u_computational_array/u_systolic_array/GEN_ROW[1].GEN_COL[0].pe_inst/mac_inst/accum_inst/add/sum_carry__0/CO[7]
                         net (fo=1, routed)           0.026     3.953    u_cnn_accelerator_core/u_computational_array/u_systolic_array/GEN_ROW[1].GEN_COL[0].pe_inst/mac_inst/accum_inst/add/sum_carry__0_n_0
    SLICE_X64Y167        CARRY8 (Prop_CARRY8_SLICEM_CI_CO[7])
                                                      0.015     3.968 r  u_cnn_accelerator_core/u_computational_array/u_systolic_array/GEN_ROW[1].GEN_COL[0].pe_inst/mac_inst/accum_inst/add/sum_carry__1/CO[7]
                         net (fo=1, routed)           0.026     3.994    u_cnn_accelerator_core/u_computational_array/u_systolic_array/GEN_ROW[1].GEN_COL[0].pe_inst/mac_inst/accum_inst/add/sum_carry__1_n_0
    SLICE_X64Y168        CARRY8 (Prop_CARRY8_SLICEM_CI_O[1])
                                                      0.076     4.070 r  u_cnn_accelerator_core/u_computational_array/u_systolic_array/GEN_ROW[1].GEN_COL[0].pe_inst/mac_inst/accum_inst/add/sum_carry__2/O[1]
                         net (fo=1, routed)           0.267     4.337    u_cnn_accelerator_core/u_computational_array/u_systolic_array/GEN_ROW[0].GEN_COL[0].pe_inst/mac_inst/accum_inst/current_sum_o_reg[31]_9[1]
    SLICE_X65Y169        LUT5 (Prop_D6LUT_SLICEL_I3_O)
                                                      0.099     4.436 r  u_cnn_accelerator_core/u_computational_array/u_systolic_array/GEN_ROW[0].GEN_COL[0].pe_inst/mac_inst/accum_inst/current_sum_o[25]_i_1__9/O
                         net (fo=1, routed)           0.049     4.485    u_cnn_accelerator_core/u_computational_array/u_systolic_array/GEN_ROW[1].GEN_COL[0].pe_inst/mac_inst/accum_inst/current_sum_o_reg[34]_2[25]
    SLICE_X65Y169        FDCE                                         r  u_cnn_accelerator_core/u_computational_array/u_systolic_array/GEN_ROW[1].GEN_COL[0].pe_inst/mac_inst/accum_inst/current_sum_o_reg[25]/D
  -------------------------------------------------------------------    -------------------

Slack:                    inf
  Source:                 u_cnn_accelerator_core/u_computational_array/u_systolic_array/GEN_ROW[0].GEN_COL[0].pe_inst/mac_inst/accum_inst/start_d_reg/C
                            (rising edge-triggered cell FDCE)
  Destination:            u_cnn_accelerator_core/u_computational_array/u_systolic_array/GEN_ROW[1].GEN_COL[0].pe_inst/mac_inst/accum_inst/current_sum_o_reg[21]/D
  Path Group:             (none)
  Path Type:              Max at Slow Process Corner
  Data Path Delay:        4.479ns  (logic 0.649ns (14.489%)  route 3.830ns (85.511%))
  Logic Levels:           6  (CARRY8=3 FDCE=1 LUT5=1 LUT6=1)

    Location             Delay type                Incr(ns)  Path(ns)    Netlist Resource(s)
  -------------------------------------------------------------------    -------------------
    SLICE_X57Y182        FDCE                         0.000     0.000 r  u_cnn_accelerator_core/u_computational_array/u_systolic_array/GEN_ROW[0].GEN_COL[0].pe_inst/mac_inst/accum_inst/start_d_reg/C
    SLICE_X57Y182        FDCE (Prop_AFF_SLICEM_C_Q)
                                                      0.077     0.077 r  u_cnn_accelerator_core/u_computational_array/u_systolic_array/GEN_ROW[0].GEN_COL[0].pe_inst/mac_inst/accum_inst/start_d_reg/Q
                         net (fo=1144, routed)        3.479     3.556    u_cnn_accelerator_core/u_computational_array/u_systolic_array/GEN_ROW[0].GEN_COL[0].pe_inst/mac_inst/accum_inst/add/current_sum_o_reg[0]
    SLICE_X64Y165        LUT6 (Prop_A6LUT_SLICEM_I0_O)
                                                      0.125     3.681 r  u_cnn_accelerator_core/u_computational_array/u_systolic_array/GEN_ROW[0].GEN_COL[0].pe_inst/mac_inst/accum_inst/add/sum_carry_i_16__10/O
                         net (fo=1, routed)           0.013     3.694    u_cnn_accelerator_core/u_computational_array/u_systolic_array/GEN_ROW[1].GEN_COL[0].pe_inst/mac_inst/accum_inst/add/current_sum_o_reg[7][0]
    SLICE_X64Y165        CARRY8 (Prop_CARRY8_SLICEM_S[0]_CO[7])
                                                      0.192     3.886 r  u_cnn_accelerator_core/u_computational_array/u_systolic_array/GEN_ROW[1].GEN_COL[0].pe_inst/mac_inst/accum_inst/add/sum_carry/CO[7]
                         net (fo=1, routed)           0.026     3.912    u_cnn_accelerator_core/u_computational_array/u_systolic_array/GEN_ROW[1].GEN_COL[0].pe_inst/mac_inst/accum_inst/add/sum_carry_n_0
    SLICE_X64Y166        CARRY8 (Prop_CARRY8_SLICEM_CI_CO[7])
                                                      0.015     3.927 r  u_cnn_accelerator_core/u_computational_array/u_systolic_array/GEN_ROW[1].GEN_COL[0].pe_inst/mac_inst/accum_inst/add/sum_carry__0/CO[7]
                         net (fo=1, routed)           0.026     3.953    u_cnn_accelerator_core/u_computational_array/u_systolic_array/GEN_ROW[1].GEN_COL[0].pe_inst/mac_inst/accum_inst/add/sum_carry__0_n_0
    SLICE_X64Y167        CARRY8 (Prop_CARRY8_SLICEM_CI_O[5])
                                                      0.116     4.069 r  u_cnn_accelerator_core/u_computational_array/u_systolic_array/GEN_ROW[1].GEN_COL[0].pe_inst/mac_inst/accum_inst/add/sum_carry__1/O[5]
                         net (fo=1, routed)           0.237     4.306    u_cnn_accelerator_core/u_computational_array/u_systolic_array/GEN_ROW[0].GEN_COL[0].pe_inst/mac_inst/accum_inst/current_sum_o_reg[23]_9[5]
    SLICE_X65Y167        LUT5 (Prop_B6LUT_SLICEL_I3_O)
                                                      0.124     4.430 r  u_cnn_accelerator_core/u_computational_array/u_systolic_array/GEN_ROW[0].GEN_COL[0].pe_inst/mac_inst/accum_inst/current_sum_o[21]_i_1__9/O
                         net (fo=1, routed)           0.049     4.479    u_cnn_accelerator_core/u_computational_array/u_systolic_array/GEN_ROW[1].GEN_COL[0].pe_inst/mac_inst/accum_inst/current_sum_o_reg[34]_2[21]
    SLICE_X65Y167        FDCE                                         r  u_cnn_accelerator_core/u_computational_array/u_systolic_array/GEN_ROW[1].GEN_COL[0].pe_inst/mac_inst/accum_inst/current_sum_o_reg[21]/D
  -------------------------------------------------------------------    -------------------

Slack:                    inf
  Source:                 u_cnn_accelerator_core/u_computational_array/u_systolic_array/GEN_ROW[0].GEN_COL[0].pe_inst/mac_inst/accum_inst/start_d_reg/C
                            (rising edge-triggered cell FDCE)
  Destination:            u_cnn_accelerator_core/u_computational_array/u_systolic_array/GEN_ROW[1].GEN_COL[0].pe_inst/mac_inst/accum_inst/current_sum_o_reg[20]/D
  Path Group:             (none)
  Path Type:              Max at Slow Process Corner
  Data Path Delay:        4.443ns  (logic 0.593ns (13.346%)  route 3.850ns (86.654%))
  Logic Levels:           6  (CARRY8=3 FDCE=1 LUT5=1 LUT6=1)

    Location             Delay type                Incr(ns)  Path(ns)    Netlist Resource(s)
  -------------------------------------------------------------------    -------------------
    SLICE_X57Y182        FDCE                         0.000     0.000 r  u_cnn_accelerator_core/u_computational_array/u_systolic_array/GEN_ROW[0].GEN_COL[0].pe_inst/mac_inst/accum_inst/start_d_reg/C
    SLICE_X57Y182        FDCE (Prop_AFF_SLICEM_C_Q)
                                                      0.077     0.077 r  u_cnn_accelerator_core/u_computational_array/u_systolic_array/GEN_ROW[0].GEN_COL[0].pe_inst/mac_inst/accum_inst/start_d_reg/Q
                         net (fo=1144, routed)        3.479     3.556    u_cnn_accelerator_core/u_computational_array/u_systolic_array/GEN_ROW[0].GEN_COL[0].pe_inst/mac_inst/accum_inst/add/current_sum_o_reg[0]
    SLICE_X64Y165        LUT6 (Prop_A6LUT_SLICEM_I0_O)
                                                      0.125     3.681 r  u_cnn_accelerator_core/u_computational_array/u_systolic_array/GEN_ROW[0].GEN_COL[0].pe_inst/mac_inst/accum_inst/add/sum_carry_i_16__10/O
                         net (fo=1, routed)           0.013     3.694    u_cnn_accelerator_core/u_computational_array/u_systolic_array/GEN_ROW[1].GEN_COL[0].pe_inst/mac_inst/accum_inst/add/current_sum_o_reg[7][0]
    SLICE_X64Y165        CARRY8 (Prop_CARRY8_SLICEM_S[0]_CO[7])
                                                      0.192     3.886 r  u_cnn_accelerator_core/u_computational_array/u_systolic_array/GEN_ROW[1].GEN_COL[0].pe_inst/mac_inst/accum_inst/add/sum_carry/CO[7]
                         net (fo=1, routed)           0.026     3.912    u_cnn_accelerator_core/u_computational_array/u_systolic_array/GEN_ROW[1].GEN_COL[0].pe_inst/mac_inst/accum_inst/add/sum_carry_n_0
    SLICE_X64Y166        CARRY8 (Prop_CARRY8_SLICEM_CI_CO[7])
                                                      0.015     3.927 r  u_cnn_accelerator_core/u_computational_array/u_systolic_array/GEN_ROW[1].GEN_COL[0].pe_inst/mac_inst/accum_inst/add/sum_carry__0/CO[7]
                         net (fo=1, routed)           0.026     3.953    u_cnn_accelerator_core/u_computational_array/u_systolic_array/GEN_ROW[1].GEN_COL[0].pe_inst/mac_inst/accum_inst/add/sum_carry__0_n_0
    SLICE_X64Y167        CARRY8 (Prop_CARRY8_SLICEM_CI_O[4])
                                                      0.086     4.039 r  u_cnn_accelerator_core/u_computational_array/u_systolic_array/GEN_ROW[1].GEN_COL[0].pe_inst/mac_inst/accum_inst/add/sum_carry__1/O[4]
                         net (fo=1, routed)           0.258     4.297    u_cnn_accelerator_core/u_computational_array/u_systolic_array/GEN_ROW[0].GEN_COL[0].pe_inst/mac_inst/accum_inst/current_sum_o_reg[23]_9[4]
    SLICE_X65Y166        LUT5 (Prop_A6LUT_SLICEL_I3_O)
                                                      0.098     4.395 r  u_cnn_accelerator_core/u_computational_array/u_systolic_array/GEN_ROW[0].GEN_COL[0].pe_inst/mac_inst/accum_inst/current_sum_o[20]_i_1__9/O
                         net (fo=1, routed)           0.048     4.443    u_cnn_accelerator_core/u_computational_array/u_systolic_array/GEN_ROW[1].GEN_COL[0].pe_inst/mac_inst/accum_inst/current_sum_o_reg[34]_2[20]
    SLICE_X65Y166        FDCE                                         r  u_cnn_accelerator_core/u_computational_array/u_systolic_array/GEN_ROW[1].GEN_COL[0].pe_inst/mac_inst/accum_inst/current_sum_o_reg[20]/D
  -------------------------------------------------------------------    -------------------





Min Delay Paths
--------------------------------------------------------------------------------------
Slack:                    inf
  Source:                 act_buf_wr_addr_i[4]
                            (input port)
  Destination:            u_cnn_accelerator_core/u_activation_buffer/mem_reg/ADDRBWRADDR[10]
  Path Group:             (none)
  Path Type:              Min at Slow Process Corner
  Data Path Delay:        0.000ns  (logic 0.000ns (0.000%)  route 0.000ns (0.000%))
  Logic Levels:           0  

    Location             Delay type                Incr(ns)  Path(ns)    Netlist Resource(s)
  -------------------------------------------------------------------    -------------------
                                                      0.000     0.000 r  act_buf_wr_addr_i[4] (IN)
                         net (fo=0)                   0.000     0.000    u_cnn_accelerator_core/u_activation_buffer/act_buf_wr_addr_i[4]
    RAMB36_X1Y35         RAMB36E2                                     r  u_cnn_accelerator_core/u_activation_buffer/mem_reg/ADDRBWRADDR[10]
  -------------------------------------------------------------------    -------------------

Slack:                    inf
  Source:                 act_buf_wr_addr_i[5]
                            (input port)
  Destination:            u_cnn_accelerator_core/u_activation_buffer/mem_reg/ADDRBWRADDR[11]
  Path Group:             (none)
  Path Type:              Min at Slow Process Corner
  Data Path Delay:        0.000ns  (logic 0.000ns (0.000%)  route 0.000ns (0.000%))
  Logic Levels:           0  

    Location             Delay type                Incr(ns)  Path(ns)    Netlist Resource(s)
  -------------------------------------------------------------------    -------------------
                                                      0.000     0.000 r  act_buf_wr_addr_i[5] (IN)
                         net (fo=0)                   0.000     0.000    u_cnn_accelerator_core/u_activation_buffer/act_buf_wr_addr_i[5]
    RAMB36_X1Y35         RAMB36E2                                     r  u_cnn_accelerator_core/u_activation_buffer/mem_reg/ADDRBWRADDR[11]
  -------------------------------------------------------------------    -------------------

Slack:                    inf
  Source:                 act_buf_wr_addr_i[6]
                            (input port)
  Destination:            u_cnn_accelerator_core/u_activation_buffer/mem_reg/ADDRBWRADDR[12]
  Path Group:             (none)
  Path Type:              Min at Slow Process Corner
  Data Path Delay:        0.000ns  (logic 0.000ns (0.000%)  route 0.000ns (0.000%))
  Logic Levels:           0  

    Location             Delay type                Incr(ns)  Path(ns)    Netlist Resource(s)
  -------------------------------------------------------------------    -------------------
                                                      0.000     0.000 r  act_buf_wr_addr_i[6] (IN)
                         net (fo=0)                   0.000     0.000    u_cnn_accelerator_core/u_activation_buffer/act_buf_wr_addr_i[6]
    RAMB36_X1Y35         RAMB36E2                                     r  u_cnn_accelerator_core/u_activation_buffer/mem_reg/ADDRBWRADDR[12]
  -------------------------------------------------------------------    -------------------

Slack:                    inf
  Source:                 act_buf_wr_addr_i[7]
                            (input port)
  Destination:            u_cnn_accelerator_core/u_activation_buffer/mem_reg/ADDRBWRADDR[13]
  Path Group:             (none)
  Path Type:              Min at Slow Process Corner
  Data Path Delay:        0.000ns  (logic 0.000ns (0.000%)  route 0.000ns (0.000%))
  Logic Levels:           0  

    Location             Delay type                Incr(ns)  Path(ns)    Netlist Resource(s)
  -------------------------------------------------------------------    -------------------
                                                      0.000     0.000 r  act_buf_wr_addr_i[7] (IN)
                         net (fo=0)                   0.000     0.000    u_cnn_accelerator_core/u_activation_buffer/act_buf_wr_addr_i[7]
    RAMB36_X1Y35         RAMB36E2                                     r  u_cnn_accelerator_core/u_activation_buffer/mem_reg/ADDRBWRADDR[13]
  -------------------------------------------------------------------    -------------------

Slack:                    inf
  Source:                 act_buf_wr_addr_i[0]
                            (input port)
  Destination:            u_cnn_accelerator_core/u_activation_buffer/mem_reg/ADDRBWRADDR[6]
  Path Group:             (none)
  Path Type:              Min at Slow Process Corner
  Data Path Delay:        0.000ns  (logic 0.000ns (0.000%)  route 0.000ns (0.000%))
  Logic Levels:           0  

    Location             Delay type                Incr(ns)  Path(ns)    Netlist Resource(s)
  -------------------------------------------------------------------    -------------------
                                                      0.000     0.000 r  act_buf_wr_addr_i[0] (IN)
                         net (fo=0)                   0.000     0.000    u_cnn_accelerator_core/u_activation_buffer/act_buf_wr_addr_i[0]
    RAMB36_X1Y35         RAMB36E2                                     r  u_cnn_accelerator_core/u_activation_buffer/mem_reg/ADDRBWRADDR[6]
  -------------------------------------------------------------------    -------------------

Slack:                    inf
  Source:                 act_buf_wr_addr_i[1]
                            (input port)
  Destination:            u_cnn_accelerator_core/u_activation_buffer/mem_reg/ADDRBWRADDR[7]
  Path Group:             (none)
  Path Type:              Min at Slow Process Corner
  Data Path Delay:        0.000ns  (logic 0.000ns (0.000%)  route 0.000ns (0.000%))
  Logic Levels:           0  

    Location             Delay type                Incr(ns)  Path(ns)    Netlist Resource(s)
  -------------------------------------------------------------------    -------------------
                                                      0.000     0.000 r  act_buf_wr_addr_i[1] (IN)
                         net (fo=0)                   0.000     0.000    u_cnn_accelerator_core/u_activation_buffer/act_buf_wr_addr_i[1]
    RAMB36_X1Y35         RAMB36E2                                     r  u_cnn_accelerator_core/u_activation_buffer/mem_reg/ADDRBWRADDR[7]
  -------------------------------------------------------------------    -------------------

Slack:                    inf
  Source:                 act_buf_wr_addr_i[2]
                            (input port)
  Destination:            u_cnn_accelerator_core/u_activation_buffer/mem_reg/ADDRBWRADDR[8]
  Path Group:             (none)
  Path Type:              Min at Slow Process Corner
  Data Path Delay:        0.000ns  (logic 0.000ns (0.000%)  route 0.000ns (0.000%))
  Logic Levels:           0  

    Location             Delay type                Incr(ns)  Path(ns)    Netlist Resource(s)
  -------------------------------------------------------------------    -------------------
                                                      0.000     0.000 r  act_buf_wr_addr_i[2] (IN)
                         net (fo=0)                   0.000     0.000    u_cnn_accelerator_core/u_activation_buffer/act_buf_wr_addr_i[2]
    RAMB36_X1Y35         RAMB36E2                                     r  u_cnn_accelerator_core/u_activation_buffer/mem_reg/ADDRBWRADDR[8]
  -------------------------------------------------------------------    -------------------

Slack:                    inf
  Source:                 act_buf_wr_addr_i[3]
                            (input port)
  Destination:            u_cnn_accelerator_core/u_activation_buffer/mem_reg/ADDRBWRADDR[9]
  Path Group:             (none)
  Path Type:              Min at Slow Process Corner
  Data Path Delay:        0.000ns  (logic 0.000ns (0.000%)  route 0.000ns (0.000%))
  Logic Levels:           0  

    Location             Delay type                Incr(ns)  Path(ns)    Netlist Resource(s)
  -------------------------------------------------------------------    -------------------
                                                      0.000     0.000 r  act_buf_wr_addr_i[3] (IN)
                         net (fo=0)                   0.000     0.000    u_cnn_accelerator_core/u_activation_buffer/act_buf_wr_addr_i[3]
    RAMB36_X1Y35         RAMB36E2                                     r  u_cnn_accelerator_core/u_activation_buffer/mem_reg/ADDRBWRADDR[9]
  -------------------------------------------------------------------    -------------------

Slack:                    inf
  Source:                 act_buf_wr_data_i[0]
                            (input port)
  Destination:            u_cnn_accelerator_core/u_activation_buffer/mem_reg/DINADIN[0]
  Path Group:             (none)
  Path Type:              Min at Slow Process Corner
  Data Path Delay:        0.000ns  (logic 0.000ns (0.000%)  route 0.000ns (0.000%))
  Logic Levels:           0  

    Location             Delay type                Incr(ns)  Path(ns)    Netlist Resource(s)
  -------------------------------------------------------------------    -------------------
                                                      0.000     0.000 r  act_buf_wr_data_i[0] (IN)
                         net (fo=0)                   0.000     0.000    u_cnn_accelerator_core/u_activation_buffer/act_buf_wr_data_i[0]
    RAMB36_X1Y35         RAMB36E2                                     r  u_cnn_accelerator_core/u_activation_buffer/mem_reg/DINADIN[0]
  -------------------------------------------------------------------    -------------------

Slack:                    inf
  Source:                 act_buf_wr_data_i[10]
                            (input port)
  Destination:            u_cnn_accelerator_core/u_activation_buffer/mem_reg/DINADIN[10]
  Path Group:             (none)
  Path Type:              Min at Slow Process Corner
  Data Path Delay:        0.000ns  (logic 0.000ns (0.000%)  route 0.000ns (0.000%))
  Logic Levels:           0  

    Location             Delay type                Incr(ns)  Path(ns)    Netlist Resource(s)
  -------------------------------------------------------------------    -------------------
                                                      0.000     0.000 r  act_buf_wr_data_i[10] (IN)
                         net (fo=0)                   0.000     0.000    u_cnn_accelerator_core/u_activation_buffer/act_buf_wr_data_i[10]
    RAMB36_X1Y35         RAMB36E2                                     r  u_cnn_accelerator_core/u_activation_buffer/mem_reg/DINADIN[10]
  -------------------------------------------------------------------    -------------------





